2021-11-16 20:49:59,223 INFO o.a.j.u.JMeterUtils: Setting Locale to zh_CN
2021-11-16 20:49:59,241 INFO o.a.j.JMeter: Loading user properties from: user.properties
2021-11-16 20:49:59,241 INFO o.a.j.JMeter: Loading system properties from: system.properties
2021-11-16 20:49:59,250 INFO o.a.j.JMeter: Copyright (c) 1998-2021 The Apache Software Foundation
2021-11-16 20:49:59,250 INFO o.a.j.JMeter: Version 5.4.1
2021-11-16 20:49:59,250 INFO o.a.j.JMeter: java.version=1.8.0_311
2021-11-16 20:49:59,250 INFO o.a.j.JMeter: java.vm.name=Java HotSpot(TM) 64-Bit Server VM
2021-11-16 20:49:59,250 INFO o.a.j.JMeter: os.name=Windows 10
2021-11-16 20:49:59,250 INFO o.a.j.JMeter: os.arch=amd64
2021-11-16 20:49:59,250 INFO o.a.j.JMeter: os.version=10.0
2021-11-16 20:49:59,250 INFO o.a.j.JMeter: file.encoding=GBK
2021-11-16 20:49:59,250 INFO o.a.j.JMeter: java.awt.headless=null
2021-11-16 20:49:59,250 INFO o.a.j.JMeter: Max memory     =3795845120
2021-11-16 20:49:59,250 INFO o.a.j.JMeter: Available Processors =4
2021-11-16 20:49:59,258 INFO o.a.j.JMeter: Default Locale=中文 (中国)
2021-11-16 20:49:59,259 INFO o.a.j.JMeter: JMeter  Locale=中文 (中国)
2021-11-16 20:49:59,259 INFO o.a.j.JMeter: JMeterHome=D:\course\springcloud2021\apache-jmeter-5.4.1
2021-11-16 20:49:59,259 INFO o.a.j.JMeter: user.dir  =D:\course\springcloud2021\apache-jmeter-5.4.1\bin
2021-11-16 20:49:59,259 INFO o.a.j.JMeter: PWD       =D:\course\springcloud2021\apache-jmeter-5.4.1\bin
2021-11-16 20:49:59,277 INFO o.a.j.JMeter: IP: 10.7.214.54 Name: DESKTOP-EBGHDD0 FullName: 10.7.214.54
2021-11-16 20:49:59,367 INFO o.a.j.JMeter: Setting LAF to: com.github.weisj.darklaf.DarkLaf:com.github.weisj.darklaf.theme.DarculaTheme
2021-11-16 20:49:59,770 INFO o.a.j.JMeter: Loaded icon properties from org/apache/jmeter/images/icon.properties
2021-11-16 20:50:29,732 INFO o.a.j.s.FileServer: Default base='D:\course\springcloud2021\apache-jmeter-5.4.1\bin'
2021-11-16 20:50:29,735 INFO o.a.j.g.a.Load: Loading file: D:\course\springcloud2021\apache-jmeter-5.4.1\线程组202102.jmx
2021-11-16 20:50:29,735 INFO o.a.j.s.FileServer: Set new base='D:\course\springcloud2021\apache-jmeter-5.4.1'
2021-11-16 20:50:29,876 INFO o.a.j.s.SaveService: Testplan (JMX) version: 2.2. Testlog (JTL) version: 2.2
2021-11-16 20:50:29,892 INFO o.a.j.s.SaveService: Using SaveService properties file encoding UTF-8
2021-11-16 20:50:29,894 INFO o.a.j.s.SaveService: Using SaveService properties version 5.0
2021-11-16 20:50:29,897 INFO o.a.j.s.SaveService: Loading file: D:\course\springcloud2021\apache-jmeter-5.4.1\线程组202102.jmx
2021-11-16 20:50:29,946 INFO o.a.j.p.h.s.HTTPSamplerBase: Parser for text/html is org.apache.jmeter.protocol.http.parser.LagartoBasedHtmlParser
2021-11-16 20:50:29,946 INFO o.a.j.p.h.s.HTTPSamplerBase: Parser for application/xhtml+xml is org.apache.jmeter.protocol.http.parser.LagartoBasedHtmlParser
2021-11-16 20:50:29,946 INFO o.a.j.p.h.s.HTTPSamplerBase: Parser for application/xml is org.apache.jmeter.protocol.http.parser.LagartoBasedHtmlParser
2021-11-16 20:50:29,946 INFO o.a.j.p.h.s.HTTPSamplerBase: Parser for text/xml is org.apache.jmeter.protocol.http.parser.LagartoBasedHtmlParser
2021-11-16 20:50:29,946 INFO o.a.j.p.h.s.HTTPSamplerBase: Parser for text/vnd.wap.wml is org.apache.jmeter.protocol.http.parser.RegexpHTMLParser
2021-11-16 20:50:29,947 INFO o.a.j.p.h.s.HTTPSamplerBase: Parser for text/css is org.apache.jmeter.protocol.http.parser.CssParser
2021-11-16 20:50:30,113 INFO o.a.j.s.FileServer: Set new base='D:\course\springcloud2021\apache-jmeter-5.4.1'
2021-11-16 20:51:51,730 INFO o.a.j.e.StandardJMeterEngine: Running the test!
2021-11-16 20:51:51,731 INFO o.a.j.s.SampleEvent: List of sample_variables: []
2021-11-16 20:51:51,731 INFO o.a.j.s.SampleEvent: List of sample_variables: []
2021-11-16 20:51:51,732 INFO o.a.j.e.u.CompoundVariable: Note: Function class names must contain the string: '.functions.'
2021-11-16 20:51:51,732 INFO o.a.j.e.u.CompoundVariable: Note: Function class names must not contain the string: '.gui.'
2021-11-16 20:51:51,972 INFO o.a.j.g.u.JMeterMenuBar: setRunning(true, *local*)
2021-11-16 20:51:52,108 INFO o.a.j.e.StandardJMeterEngine: Starting ThreadGroup: 1 : 线程组20210930
2021-11-16 20:51:52,109 INFO o.a.j.e.StandardJMeterEngine: Starting 200 threads for group 线程组20210930.
2021-11-16 20:51:52,109 INFO o.a.j.e.StandardJMeterEngine: Thread will continue on error
2021-11-16 20:51:52,109 INFO o.a.j.t.ThreadGroup: Starting thread group... number=1 threads=200 ramp-up=1 delayedStart=false
2021-11-16 20:51:52,154 INFO o.a.j.t.JMeterThread: Thread started: 线程组20210930 1-1
2021-11-16 20:51:52,157 INFO o.a.j.t.JMeterThread: Thread started: 线程组20210930 1-2
2021-11-16 20:51:52,164 INFO o.a.j.t.JMeterThread: Thread started: 线程组20210930 1-3
2021-11-16 20:51:52,167 INFO o.a.j.t.JMeterThread: Thread started: 线程组20210930 1-4
2021-11-16 20:51:52,172 INFO o.a.j.t.JMeterThread: Thread started: 线程组20210930 1-5
2021-11-16 20:51:52,179 INFO o.a.j.t.ThreadGroup: Started thread group number 1
2021-11-16 20:51:52,179 INFO o.a.j.e.StandardJMeterEngine: Starting ThreadGroup: 2 : 线程组20211116
2021-11-16 20:51:52,179 INFO o.a.j.e.StandardJMeterEngine: Starting 10 threads for group 线程组20211116.
2021-11-16 20:51:52,179 INFO o.a.j.e.StandardJMeterEngine: Thread will continue on error
2021-11-16 20:51:52,179 INFO o.a.j.t.ThreadGroup: Starting thread group... number=2 threads=10 ramp-up=1 delayedStart=false
2021-11-16 20:51:52,180 INFO o.a.j.t.JMeterThread: Thread started: 线程组20210930 1-6
2021-11-16 20:51:52,182 INFO o.a.j.t.ThreadGroup: Started thread group number 2
2021-11-16 20:51:52,182 INFO o.a.j.e.StandardJMeterEngine: All thread groups have been started
2021-11-16 20:51:52,183 INFO o.a.j.t.JMeterThread: Thread started: 线程组20210930 1-7
2021-11-16 20:51:52,189 INFO o.a.j.t.JMeterThread: Thread started: 线程组20210930 1-8
2021-11-16 20:51:52,189 INFO o.a.j.t.JMeterThread: Thread started: 线程组20211116 2-1
2021-11-16 20:51:52,191 INFO o.a.j.p.h.s.HTTPHCAbstractImpl: Local host = DESKTOP-EBGHDD0
2021-11-16 20:51:52,194 INFO o.a.j.t.JMeterThread: Thread started: 线程组20210930 1-9
2021-11-16 20:51:52,195 INFO o.a.j.t.JMeterThread: Thread started: 线程组20210930 1-10
2021-11-16 20:51:52,200 INFO o.a.j.t.JMeterThread: Thread started: 线程组20210930 1-11
2021-11-16 20:51:52,204 INFO o.a.j.t.JMeterThread: Thread started: 线程组20210930 1-12
2021-11-16 20:51:52,209 INFO o.a.j.t.JMeterThread: Thread started: 线程组20210930 1-13
2021-11-16 20:51:52,210 INFO o.a.j.p.h.s.HTTPHC4Impl: HTTP request retry count = 0
2021-11-16 20:51:52,212 INFO o.a.j.s.SampleResult: Note: Sample TimeStamps are START times
2021-11-16 20:51:52,212 INFO o.a.j.s.SampleResult: sampleresult.default.encoding is set to ISO-8859-1
2021-11-16 20:51:52,212 INFO o.a.j.s.SampleResult: sampleresult.useNanoTime=true
2021-11-16 20:51:52,212 INFO o.a.j.s.SampleResult: sampleresult.nanoThreadSleep=5000
2021-11-16 20:51:52,214 INFO o.a.j.t.JMeterThread: Thread started: 线程组20210930 1-14
2021-11-16 20:51:52,219 INFO o.a.j.t.JMeterThread: Thread started: 线程组20210930 1-15
2021-11-16 20:51:52,223 INFO o.a.j.t.JMeterThread: Thread started: 线程组20210930 1-16
2021-11-16 20:51:52,231 INFO o.a.j.t.JMeterThread: Thread started: 线程组20210930 1-17
2021-11-16 20:51:52,233 INFO o.a.j.t.JMeterThread: Thread started: 线程组20210930 1-18
2021-11-16 20:51:52,238 INFO o.a.j.t.JMeterThread: Thread started: 线程组20210930 1-19
2021-11-16 20:51:52,244 INFO o.a.j.t.JMeterThread: Thread started: 线程组20210930 1-20
2021-11-16 20:51:52,250 INFO o.a.j.t.JMeterThread: Thread started: 线程组20210930 1-21
2021-11-16 20:51:52,254 INFO o.a.j.t.JMeterThread: Thread started: 线程组20210930 1-22
2021-11-16 20:51:52,259 INFO o.a.j.t.JMeterThread: Thread started: 线程组20210930 1-23
2021-11-16 20:51:52,263 INFO o.a.j.t.JMeterThread: Thread started: 线程组20210930 1-24
2021-11-16 20:51:52,269 INFO o.a.j.t.JMeterThread: Thread started: 线程组20210930 1-25
2021-11-16 20:51:52,273 INFO o.a.j.t.JMeterThread: Thread started: 线程组20210930 1-26
2021-11-16 20:51:52,278 INFO o.a.j.t.JMeterThread: Thread started: 线程组20210930 1-27
2021-11-16 20:51:52,282 INFO o.a.j.t.JMeterThread: Thread started: 线程组20210930 1-28
2021-11-16 20:51:52,287 INFO o.a.j.t.JMeterThread: Thread started: 线程组20211116 2-2
2021-11-16 20:51:52,287 INFO o.a.j.t.JMeterThread: Thread started: 线程组20210930 1-29
2021-11-16 20:51:52,292 INFO o.a.j.t.JMeterThread: Thread started: 线程组20210930 1-30
2021-11-16 20:51:52,296 INFO o.a.j.t.JMeterThread: Thread started: 线程组20210930 1-31
2021-11-16 20:51:52,301 INFO o.a.j.t.JMeterThread: Thread started: 线程组20210930 1-32
2021-11-16 20:51:52,306 INFO o.a.j.t.JMeterThread: Thread started: 线程组20210930 1-33
2021-11-16 20:51:52,310 INFO o.a.j.t.JMeterThread: Thread started: 线程组20210930 1-34
2021-11-16 20:51:52,315 INFO o.a.j.t.JMeterThread: Thread started: 线程组20210930 1-35
2021-11-16 20:51:52,320 INFO o.a.j.t.JMeterThread: Thread started: 线程组20210930 1-36
2021-11-16 20:51:52,325 INFO o.a.j.t.JMeterThread: Thread started: 线程组20210930 1-37
2021-11-16 20:51:52,336 INFO o.a.j.t.JMeterThread: Thread started: 线程组20210930 1-38
2021-11-16 20:51:52,337 INFO o.a.j.t.JMeterThread: Thread started: 线程组20210930 1-39
2021-11-16 20:51:52,339 INFO o.a.j.t.JMeterThread: Thread started: 线程组20210930 1-40
2021-11-16 20:51:52,344 INFO o.a.j.t.JMeterThread: Thread started: 线程组20210930 1-41
2021-11-16 20:51:52,349 INFO o.a.j.t.JMeterThread: Thread started: 线程组20210930 1-42
2021-11-16 20:51:52,354 INFO o.a.j.t.JMeterThread: Thread started: 线程组20210930 1-43
2021-11-16 20:51:52,359 INFO o.a.j.t.JMeterThread: Thread started: 线程组20210930 1-44
2021-11-16 20:51:52,364 INFO o.a.j.t.JMeterThread: Thread started: 线程组20210930 1-45
2021-11-16 20:51:52,369 INFO o.a.j.t.JMeterThread: Thread started: 线程组20210930 1-46
2021-11-16 20:51:52,373 INFO o.a.j.t.JMeterThread: Thread started: 线程组20210930 1-47
2021-11-16 20:51:52,378 INFO o.a.j.t.JMeterThread: Thread started: 线程组20210930 1-48
2021-11-16 20:51:52,383 INFO o.a.j.t.JMeterThread: Thread started: 线程组20210930 1-49
2021-11-16 20:51:52,388 INFO o.a.j.t.JMeterThread: Thread started: 线程组20210930 1-50
2021-11-16 20:51:52,393 INFO o.a.j.t.JMeterThread: Thread started: 线程组20210930 1-51
2021-11-16 20:51:52,393 INFO o.a.j.t.JMeterThread: Thread started: 线程组20211116 2-3
2021-11-16 20:51:52,398 INFO o.a.j.t.JMeterThread: Thread started: 线程组20210930 1-52
2021-11-16 20:51:52,403 INFO o.a.j.t.JMeterThread: Thread started: 线程组20210930 1-53
2021-11-16 20:51:52,407 INFO o.a.j.t.JMeterThread: Thread started: 线程组20210930 1-54
2021-11-16 20:51:52,412 INFO o.a.j.t.JMeterThread: Thread started: 线程组20210930 1-55
2021-11-16 20:51:52,417 INFO o.a.j.t.JMeterThread: Thread started: 线程组20210930 1-56
2021-11-16 20:51:52,422 INFO o.a.j.t.JMeterThread: Thread started: 线程组20210930 1-57
2021-11-16 20:51:52,426 INFO o.a.j.t.JMeterThread: Thread started: 线程组20210930 1-58
2021-11-16 20:51:52,431 INFO o.a.j.t.JMeterThread: Thread started: 线程组20210930 1-59
2021-11-16 20:51:52,436 INFO o.a.j.t.JMeterThread: Thread started: 线程组20210930 1-60
2021-11-16 20:51:52,441 INFO o.a.j.t.JMeterThread: Thread started: 线程组20210930 1-61
2021-11-16 20:51:52,446 INFO o.a.j.t.JMeterThread: Thread started: 线程组20210930 1-62
2021-11-16 20:51:52,450 INFO o.a.j.t.JMeterThread: Thread started: 线程组20210930 1-63
2021-11-16 20:51:52,455 INFO o.a.j.t.JMeterThread: Thread started: 线程组20210930 1-64
2021-11-16 20:51:52,461 INFO o.a.j.t.JMeterThread: Thread started: 线程组20210930 1-65
2021-11-16 20:51:52,466 INFO o.a.j.t.JMeterThread: Thread started: 线程组20210930 1-66
2021-11-16 20:51:52,471 INFO o.a.j.t.JMeterThread: Thread started: 线程组20210930 1-67
2021-11-16 20:51:52,475 INFO o.a.j.t.JMeterThread: Thread started: 线程组20210930 1-68
2021-11-16 20:51:52,480 INFO o.a.j.t.JMeterThread: Thread started: 线程组20210930 1-69
2021-11-16 20:51:52,485 INFO o.a.j.t.JMeterThread: Thread started: 线程组20210930 1-70
2021-11-16 20:51:52,486 INFO o.a.j.t.JMeterThread: Thread started: 线程组20211116 2-4
2021-11-16 20:51:52,490 INFO o.a.j.t.JMeterThread: Thread started: 线程组20210930 1-71
2021-11-16 20:51:52,495 INFO o.a.j.t.JMeterThread: Thread started: 线程组20210930 1-72
2021-11-16 20:51:52,500 INFO o.a.j.t.JMeterThread: Thread started: 线程组20210930 1-73
2021-11-16 20:51:52,505 INFO o.a.j.t.JMeterThread: Thread started: 线程组20210930 1-74
2021-11-16 20:51:52,510 INFO o.a.j.t.JMeterThread: Thread started: 线程组20210930 1-75
2021-11-16 20:51:52,515 INFO o.a.j.t.JMeterThread: Thread started: 线程组20210930 1-76
2021-11-16 20:51:52,519 INFO o.a.j.t.JMeterThread: Thread started: 线程组20210930 1-77
2021-11-16 20:51:52,524 INFO o.a.j.t.JMeterThread: Thread started: 线程组20210930 1-78
2021-11-16 20:51:52,529 INFO o.a.j.t.JMeterThread: Thread started: 线程组20210930 1-79
2021-11-16 20:51:52,534 INFO o.a.j.t.JMeterThread: Thread started: 线程组20210930 1-80
2021-11-16 20:51:52,537 INFO o.a.j.t.JMeterThread: Thread started: 线程组20210930 1-81
2021-11-16 20:51:52,542 INFO o.a.j.t.JMeterThread: Thread started: 线程组20210930 1-82
2021-11-16 20:51:52,547 INFO o.a.j.t.JMeterThread: Thread started: 线程组20210930 1-83
2021-11-16 20:51:52,551 INFO o.a.j.t.JMeterThread: Thread started: 线程组20210930 1-87
2021-11-16 20:51:52,554 INFO o.a.j.t.JMeterThread: Thread started: 线程组20210930 1-84
2021-11-16 20:51:52,555 INFO o.a.j.t.JMeterThread: Thread started: 线程组20210930 1-88
2021-11-16 20:51:52,559 INFO o.a.j.t.JMeterThread: Thread started: 线程组20210930 1-89
2021-11-16 20:51:52,559 INFO o.a.j.t.JMeterThread: Thread started: 线程组20210930 1-85
2021-11-16 20:51:52,562 INFO o.a.j.t.JMeterThread: Thread started: 线程组20210930 1-86
2021-11-16 20:51:52,565 INFO o.a.j.t.JMeterThread: Thread started: 线程组20210930 1-90
2021-11-16 20:51:52,569 INFO o.a.j.t.JMeterThread: Thread started: 线程组20210930 1-91
2021-11-16 20:51:52,574 INFO o.a.j.t.JMeterThread: Thread started: 线程组20210930 1-92
2021-11-16 20:51:52,579 INFO o.a.j.t.JMeterThread: Thread started: 线程组20210930 1-93
2021-11-16 20:51:52,584 INFO o.a.j.t.JMeterThread: Thread started: 线程组20210930 1-94
2021-11-16 20:51:52,587 INFO o.a.j.t.JMeterThread: Thread started: 线程组20211116 2-5
2021-11-16 20:51:52,588 INFO o.a.j.t.JMeterThread: Thread started: 线程组20210930 1-95
2021-11-16 20:51:52,593 INFO o.a.j.t.JMeterThread: Thread started: 线程组20210930 1-96
2021-11-16 20:51:52,598 INFO o.a.j.t.JMeterThread: Thread started: 线程组20210930 1-97
2021-11-16 20:51:52,603 INFO o.a.j.t.JMeterThread: Thread started: 线程组20210930 1-98
2021-11-16 20:51:52,608 INFO o.a.j.t.JMeterThread: Thread started: 线程组20210930 1-99
2021-11-16 20:51:52,613 INFO o.a.j.t.JMeterThread: Thread started: 线程组20210930 1-100
2021-11-16 20:51:52,617 INFO o.a.j.t.JMeterThread: Thread started: 线程组20210930 1-101
2021-11-16 20:51:52,622 INFO o.a.j.t.JMeterThread: Thread started: 线程组20210930 1-102
2021-11-16 20:51:52,627 INFO o.a.j.t.JMeterThread: Thread started: 线程组20210930 1-103
2021-11-16 20:51:52,631 INFO o.a.j.t.JMeterThread: Thread started: 线程组20210930 1-104
2021-11-16 20:51:52,636 INFO o.a.j.t.JMeterThread: Thread started: 线程组20210930 1-105
2021-11-16 20:51:52,641 INFO o.a.j.t.JMeterThread: Thread started: 线程组20210930 1-106
2021-11-16 20:51:52,646 INFO o.a.j.t.JMeterThread: Thread started: 线程组20210930 1-107
2021-11-16 20:51:52,651 INFO o.a.j.t.JMeterThread: Thread started: 线程组20210930 1-108
2021-11-16 20:51:52,656 INFO o.a.j.t.JMeterThread: Thread started: 线程组20210930 1-109
2021-11-16 20:51:52,661 INFO o.a.j.t.JMeterThread: Thread started: 线程组20210930 1-110
2021-11-16 20:51:52,665 INFO o.a.j.t.JMeterThread: Thread started: 线程组20210930 1-111
2021-11-16 20:51:52,678 INFO o.a.j.t.JMeterThread: Thread started: 线程组20210930 1-112
2021-11-16 20:51:52,678 INFO o.a.j.t.JMeterThread: Thread started: 线程组20210930 1-113
2021-11-16 20:51:52,683 INFO o.a.j.t.JMeterThread: Thread started: 线程组20210930 1-114
2021-11-16 20:51:52,687 INFO o.a.j.t.JMeterThread: Thread started: 线程组20211116 2-6
2021-11-16 20:51:52,688 INFO o.a.j.t.JMeterThread: Thread started: 线程组20210930 1-115
2021-11-16 20:51:52,693 INFO o.a.j.t.JMeterThread: Thread started: 线程组20210930 1-116
2021-11-16 20:51:52,698 INFO o.a.j.t.JMeterThread: Thread started: 线程组20210930 1-117
2021-11-16 20:51:52,703 INFO o.a.j.t.JMeterThread: Thread started: 线程组20210930 1-118
2021-11-16 20:51:52,708 INFO o.a.j.t.JMeterThread: Thread started: 线程组20210930 1-119
2021-11-16 20:51:52,713 INFO o.a.j.t.JMeterThread: Thread started: 线程组20210930 1-120
2021-11-16 20:51:52,717 INFO o.a.j.t.JMeterThread: Thread started: 线程组20210930 1-121
2021-11-16 20:51:52,722 INFO o.a.j.t.JMeterThread: Thread started: 线程组20210930 1-122
2021-11-16 20:51:52,727 INFO o.a.j.t.JMeterThread: Thread started: 线程组20210930 1-123
2021-11-16 20:51:52,732 INFO o.a.j.t.JMeterThread: Thread started: 线程组20210930 1-124
2021-11-16 20:51:52,737 INFO o.a.j.t.JMeterThread: Thread started: 线程组20210930 1-125
2021-11-16 20:51:52,742 INFO o.a.j.t.JMeterThread: Thread started: 线程组20210930 1-126
2021-11-16 20:51:52,747 INFO o.a.j.t.JMeterThread: Thread started: 线程组20210930 1-127
2021-11-16 20:51:52,752 INFO o.a.j.t.JMeterThread: Thread started: 线程组20210930 1-128
2021-11-16 20:51:52,757 INFO o.a.j.t.JMeterThread: Thread started: 线程组20210930 1-129
2021-11-16 20:51:52,761 INFO o.a.j.t.JMeterThread: Thread started: 线程组20210930 1-130
2021-11-16 20:51:52,766 INFO o.a.j.t.JMeterThread: Thread started: 线程组20210930 1-131
2021-11-16 20:51:52,771 INFO o.a.j.t.JMeterThread: Thread started: 线程组20210930 1-132
2021-11-16 20:51:52,776 INFO o.a.j.t.JMeterThread: Thread started: 线程组20210930 1-133
2021-11-16 20:51:52,782 INFO o.a.j.t.JMeterThread: Thread started: 线程组20210930 1-134
2021-11-16 20:51:52,787 INFO o.a.j.t.JMeterThread: Thread started: 线程组20211116 2-7
2021-11-16 20:51:52,787 INFO o.a.j.t.JMeterThread: Thread started: 线程组20210930 1-135
2021-11-16 20:51:52,793 INFO o.a.j.t.JMeterThread: Thread started: 线程组20210930 1-136
2021-11-16 20:51:52,798 INFO o.a.j.t.JMeterThread: Thread started: 线程组20210930 1-137
2021-11-16 20:51:52,801 INFO o.a.j.t.JMeterThread: Thread started: 线程组20210930 1-138
2021-11-16 20:51:52,806 INFO o.a.j.t.JMeterThread: Thread started: 线程组20210930 1-139
2021-11-16 20:51:52,811 INFO o.a.j.t.JMeterThread: Thread started: 线程组20210930 1-140
2021-11-16 20:51:52,816 INFO o.a.j.t.JMeterThread: Thread started: 线程组20210930 1-141
2021-11-16 20:51:52,821 INFO o.a.j.t.JMeterThread: Thread started: 线程组20210930 1-142
2021-11-16 20:51:52,826 INFO o.a.j.t.JMeterThread: Thread started: 线程组20210930 1-143
2021-11-16 20:51:52,832 INFO o.a.j.t.JMeterThread: Thread started: 线程组20210930 1-144
2021-11-16 20:51:52,836 INFO o.a.j.t.JMeterThread: Thread started: 线程组20210930 1-146
2021-11-16 20:51:52,838 INFO o.a.j.t.JMeterThread: Thread started: 线程组20210930 1-145
2021-11-16 20:51:52,841 INFO o.a.j.t.JMeterThread: Thread started: 线程组20210930 1-147
2021-11-16 20:51:52,846 INFO o.a.j.t.JMeterThread: Thread started: 线程组20210930 1-148
2021-11-16 20:51:52,851 INFO o.a.j.t.JMeterThread: Thread started: 线程组20210930 1-149
2021-11-16 20:51:52,856 INFO o.a.j.t.JMeterThread: Thread started: 线程组20210930 1-150
2021-11-16 20:51:52,861 INFO o.a.j.t.JMeterThread: Thread started: 线程组20210930 1-151
2021-11-16 20:51:52,869 INFO o.a.j.t.JMeterThread: Thread started: 线程组20210930 1-152
2021-11-16 20:51:52,872 INFO o.a.j.t.JMeterThread: Thread started: 线程组20210930 1-153
2021-11-16 20:51:52,877 INFO o.a.j.t.JMeterThread: Thread started: 线程组20210930 1-154
2021-11-16 20:51:52,882 INFO o.a.j.t.JMeterThread: Thread started: 线程组20210930 1-155
2021-11-16 20:51:52,886 INFO o.a.j.t.JMeterThread: Thread started: 线程组20211116 2-8
2021-11-16 20:51:52,890 INFO o.a.j.t.JMeterThread: Thread started: 线程组20210930 1-156
2021-11-16 20:51:52,892 INFO o.a.j.t.JMeterThread: Thread started: 线程组20210930 1-157
2021-11-16 20:51:52,897 INFO o.a.j.t.JMeterThread: Thread started: 线程组20210930 1-158
2021-11-16 20:51:52,901 INFO o.a.j.t.JMeterThread: Thread started: 线程组20210930 1-159
2021-11-16 20:51:52,907 INFO o.a.j.t.JMeterThread: Thread started: 线程组20210930 1-160
2021-11-16 20:51:52,911 INFO o.a.j.t.JMeterThread: Thread started: 线程组20210930 1-161
2021-11-16 20:51:52,921 INFO o.a.j.t.JMeterThread: Thread started: 线程组20210930 1-162
2021-11-16 20:51:52,925 INFO o.a.j.t.JMeterThread: Thread started: 线程组20210930 1-163
2021-11-16 20:51:52,927 INFO o.a.j.t.JMeterThread: Thread started: 线程组20210930 1-164
2021-11-16 20:51:52,931 INFO o.a.j.t.JMeterThread: Thread started: 线程组20210930 1-165
2021-11-16 20:51:52,936 INFO o.a.j.t.JMeterThread: Thread started: 线程组20210930 1-166
2021-11-16 20:51:52,957 INFO o.a.j.t.JMeterThread: Thread started: 线程组20210930 1-167
2021-11-16 20:51:52,960 INFO o.a.j.t.JMeterThread: Thread started: 线程组20210930 1-168
2021-11-16 20:51:52,964 INFO o.a.j.t.JMeterThread: Thread started: 线程组20210930 1-169
2021-11-16 20:51:52,969 INFO o.a.j.t.JMeterThread: Thread started: 线程组20210930 1-170
2021-11-16 20:51:52,973 INFO o.a.j.t.JMeterThread: Thread started: 线程组20210930 1-171
2021-11-16 20:51:52,978 INFO o.a.j.t.JMeterThread: Thread started: 线程组20210930 1-172
2021-11-16 20:51:52,983 INFO o.a.j.t.JMeterThread: Thread started: 线程组20210930 1-173
2021-11-16 20:51:52,987 INFO o.a.j.t.JMeterThread: Thread started: 线程组20211116 2-9
2021-11-16 20:51:52,989 INFO o.a.j.t.JMeterThread: Thread started: 线程组20210930 1-174
2021-11-16 20:51:52,993 INFO o.a.j.t.JMeterThread: Thread started: 线程组20210930 1-175
2021-11-16 20:51:52,999 INFO o.a.j.t.JMeterThread: Thread started: 线程组20210930 1-176
2021-11-16 20:51:53,003 INFO o.a.j.t.JMeterThread: Thread started: 线程组20210930 1-177
2021-11-16 20:51:53,008 INFO o.a.j.t.JMeterThread: Thread started: 线程组20210930 1-178
2021-11-16 20:51:53,014 INFO o.a.j.t.JMeterThread: Thread started: 线程组20210930 1-179
2021-11-16 20:51:53,019 INFO o.a.j.t.JMeterThread: Thread started: 线程组20210930 1-180
2021-11-16 20:51:53,023 INFO o.a.j.t.JMeterThread: Thread started: 线程组20210930 1-181
2021-11-16 20:51:53,027 INFO o.a.j.t.JMeterThread: Thread started: 线程组20210930 1-182
2021-11-16 20:51:53,033 INFO o.a.j.t.JMeterThread: Thread started: 线程组20210930 1-183
2021-11-16 20:51:53,038 INFO o.a.j.t.JMeterThread: Thread started: 线程组20210930 1-184
2021-11-16 20:51:53,042 INFO o.a.j.t.JMeterThread: Thread started: 线程组20210930 1-185
2021-11-16 20:51:53,048 INFO o.a.j.t.JMeterThread: Thread started: 线程组20210930 1-186
2021-11-16 20:51:53,051 INFO o.a.j.t.JMeterThread: Thread started: 线程组20210930 1-187
2021-11-16 20:51:53,056 INFO o.a.j.t.JMeterThread: Thread started: 线程组20210930 1-188
2021-11-16 20:51:53,061 INFO o.a.j.t.JMeterThread: Thread started: 线程组20210930 1-189
2021-11-16 20:51:53,066 INFO o.a.j.t.JMeterThread: Thread started: 线程组20210930 1-190
2021-11-16 20:51:53,071 INFO o.a.j.t.JMeterThread: Thread started: 线程组20210930 1-191
2021-11-16 20:51:53,075 INFO o.a.j.t.JMeterThread: Thread started: 线程组20210930 1-192
2021-11-16 20:51:53,080 INFO o.a.j.t.JMeterThread: Thread started: 线程组20210930 1-193
2021-11-16 20:51:53,085 INFO o.a.j.t.JMeterThread: Thread started: 线程组20210930 1-194
2021-11-16 20:51:53,086 INFO o.a.j.t.JMeterThread: Thread started: 线程组20211116 2-10
2021-11-16 20:51:53,090 INFO o.a.j.t.JMeterThread: Thread started: 线程组20210930 1-195
2021-11-16 20:51:53,094 INFO o.a.j.t.JMeterThread: Thread started: 线程组20210930 1-196
2021-11-16 20:51:53,099 INFO o.a.j.t.JMeterThread: Thread started: 线程组20210930 1-197
2021-11-16 20:51:53,104 INFO o.a.j.t.JMeterThread: Thread started: 线程组20210930 1-198
2021-11-16 20:51:53,109 INFO o.a.j.t.JMeterThread: Thread started: 线程组20210930 1-199
2021-11-16 20:51:53,114 INFO o.a.j.t.JMeterThread: Thread started: 线程组20210930 1-200
2021-11-16 20:52:08,133 INFO o.a.j.g.a.Start: Stopping test
2021-11-16 20:52:08,580 INFO o.a.j.t.JMeterThread: Stopping: 线程组20210930 1-35
2021-11-16 20:52:08,580 WARN o.a.j.t.JMeterThread: Interrupting: 线程组20210930 1-35 sampler: HTTP请求20210930
2021-11-16 20:52:08,583 INFO o.a.j.t.JMeterThread: Stopping: 线程组20210930 1-167
2021-11-16 20:52:08,583 WARN o.a.j.t.JMeterThread: Interrupting: 线程组20210930 1-167 sampler: HTTP请求20210930
2021-11-16 20:52:08,585 INFO o.a.j.t.JMeterThread: Thread finished: 线程组20210930 1-35
2021-11-16 20:52:08,585 INFO o.a.j.t.JMeterThread: Stopping: 线程组20210930 1-192
2021-11-16 20:52:08,585 WARN o.a.j.t.JMeterThread: Interrupting: 线程组20210930 1-192 sampler: HTTP请求20210930
2021-11-16 20:52:08,586 INFO o.a.j.t.JMeterThread: Thread finished: 线程组20210930 1-167
2021-11-16 20:52:08,590 INFO o.a.j.t.JMeterThread: Thread finished: 线程组20210930 1-192
2021-11-16 20:52:08,590 INFO o.a.j.t.JMeterThread: Stopping: 线程组20210930 1-118
2021-11-16 20:52:08,590 WARN o.a.j.t.JMeterThread: Interrupting: 线程组20210930 1-118 sampler: HTTP请求20210930
2021-11-16 20:52:08,593 INFO o.a.j.t.JMeterThread: Stopping: 线程组20210930 1-179
2021-11-16 20:52:08,593 WARN o.a.j.t.JMeterThread: Interrupting: 线程组20210930 1-179 sampler: HTTP请求20210930
2021-11-16 20:52:08,593 INFO o.a.j.t.JMeterThread: Thread finished: 线程组20210930 1-118
2021-11-16 20:52:08,596 INFO o.a.j.t.JMeterThread: Stopping: 线程组20210930 1-94
2021-11-16 20:52:08,596 INFO o.a.j.t.JMeterThread: Thread finished: 线程组20210930 1-179
2021-11-16 20:52:08,597 WARN o.a.j.t.JMeterThread: Interrupting: 线程组20210930 1-94 sampler: HTTP请求20210930
2021-11-16 20:52:08,599 INFO o.a.j.t.JMeterThread: Stopping: 线程组20210930 1-55
2021-11-16 20:52:08,599 WARN o.a.j.t.JMeterThread: Interrupting: 线程组20210930 1-55 sampler: HTTP请求20210930
2021-11-16 20:52:08,600 INFO o.a.j.t.JMeterThread: Thread finished: 线程组20210930 1-94
2021-11-16 20:52:08,604 INFO o.a.j.t.JMeterThread: Thread finished: 线程组20210930 1-55
2021-11-16 20:52:08,606 INFO o.a.j.t.JMeterThread: Stopping: 线程组20210930 1-43
2021-11-16 20:52:08,606 WARN o.a.j.t.JMeterThread: Interrupting: 线程组20210930 1-43 sampler: HTTP请求20210930
2021-11-16 20:52:08,610 INFO o.a.j.t.JMeterThread: Stopping: 线程组20210930 1-4
2021-11-16 20:52:08,610 WARN o.a.j.t.JMeterThread: Interrupting: 线程组20210930 1-4 sampler: HTTP请求20210930
2021-11-16 20:52:08,610 INFO o.a.j.t.JMeterThread: Thread finished: 线程组20210930 1-43
2021-11-16 20:52:08,613 INFO o.a.j.t.JMeterThread: Stopping: 线程组20210930 1-149
2021-11-16 20:52:08,613 WARN o.a.j.t.JMeterThread: Interrupting: 线程组20210930 1-149 sampler: HTTP请求20210930
2021-11-16 20:52:08,615 INFO o.a.j.t.JMeterThread: Thread finished: 线程组20210930 1-4
2021-11-16 20:52:08,616 INFO o.a.j.t.JMeterThread: Stopping: 线程组20210930 1-27
2021-11-16 20:52:08,616 WARN o.a.j.t.JMeterThread: Interrupting: 线程组20210930 1-27 sampler: HTTP请求20210930
2021-11-16 20:52:08,616 INFO o.a.j.t.JMeterThread: Thread finished: 线程组20210930 1-149
2021-11-16 20:52:08,620 INFO o.a.j.t.JMeterThread: Thread finished: 线程组20210930 1-27
2021-11-16 20:52:08,620 INFO o.a.j.t.JMeterThread: Stopping: 线程组20210930 1-61
2021-11-16 20:52:08,621 WARN o.a.j.t.JMeterThread: Interrupting: 线程组20210930 1-61 sampler: HTTP请求20210930
2021-11-16 20:52:08,624 INFO o.a.j.t.JMeterThread: Stopping: 线程组20210930 1-24
2021-11-16 20:52:08,624 INFO o.a.j.t.JMeterThread: Thread finished: 线程组20210930 1-61
2021-11-16 20:52:08,624 WARN o.a.j.t.JMeterThread: Interrupting: 线程组20210930 1-24 sampler: HTTP请求20210930
2021-11-16 20:52:08,626 INFO o.a.j.t.JMeterThread: Stopping: 线程组20210930 1-110
2021-11-16 20:52:08,626 WARN o.a.j.t.JMeterThread: Interrupting: 线程组20210930 1-110 sampler: HTTP请求20210930
2021-11-16 20:52:08,628 INFO o.a.j.t.JMeterThread: Stopping: 线程组20210930 1-52
2021-11-16 20:52:08,629 WARN o.a.j.t.JMeterThread: Interrupting: 线程组20210930 1-52 sampler: HTTP请求20210930
2021-11-16 20:52:08,627 INFO o.a.j.t.JMeterThread: Thread finished: 线程组20210930 1-24
2021-11-16 20:52:08,629 INFO o.a.j.t.JMeterThread: Thread finished: 线程组20210930 1-110
2021-11-16 20:52:08,633 INFO o.a.j.t.JMeterThread: Stopping: 线程组20210930 1-122
2021-11-16 20:52:08,633 WARN o.a.j.t.JMeterThread: Interrupting: 线程组20210930 1-122 sampler: HTTP请求20210930
2021-11-16 20:52:08,633 INFO o.a.j.t.JMeterThread: Thread finished: 线程组20210930 1-52
2021-11-16 20:52:08,639 INFO o.a.j.t.JMeterThread: Stopping: 线程组20210930 1-50
2021-11-16 20:52:08,639 WARN o.a.j.t.JMeterThread: Interrupting: 线程组20210930 1-50 sampler: HTTP请求20210930
2021-11-16 20:52:08,639 INFO o.a.j.t.JMeterThread: Thread finished: 线程组20210930 1-122
2021-11-16 20:52:08,642 INFO o.a.j.t.JMeterThread: Stopping: 线程组20210930 1-69
2021-11-16 20:52:08,642 WARN o.a.j.t.JMeterThread: Interrupting: 线程组20210930 1-69 sampler: HTTP请求20210930
2021-11-16 20:52:08,644 INFO o.a.j.t.JMeterThread: Stopping: 线程组20210930 1-156
2021-11-16 20:52:08,644 INFO o.a.j.t.JMeterThread: Thread finished: 线程组20210930 1-50
2021-11-16 20:52:08,644 WARN o.a.j.t.JMeterThread: Interrupting: 线程组20210930 1-156 sampler: HTTP请求20210930
2021-11-16 20:52:08,644 INFO o.a.j.t.JMeterThread: Thread finished: 线程组20210930 1-69
2021-11-16 20:52:08,652 INFO o.a.j.t.JMeterThread: Stopping: 线程组20210930 1-140
2021-11-16 20:52:08,652 WARN o.a.j.t.JMeterThread: Interrupting: 线程组20210930 1-140 sampler: HTTP请求20210930
2021-11-16 20:52:08,652 INFO o.a.j.t.JMeterThread: Thread finished: 线程组20210930 1-156
2021-11-16 20:52:08,664 INFO o.a.j.t.JMeterThread: Thread finished: 线程组20210930 1-140
2021-11-16 20:52:08,665 INFO o.a.j.t.JMeterThread: Stopping: 线程组20210930 1-184
2021-11-16 20:52:08,665 WARN o.a.j.t.JMeterThread: Interrupting: 线程组20210930 1-184 sampler: HTTP请求20210930
2021-11-16 20:52:08,666 INFO o.a.j.t.JMeterThread: Thread finished: 线程组20210930 1-184
2021-11-16 20:52:08,666 INFO o.a.j.t.JMeterThread: Stopping: 线程组20210930 1-42
2021-11-16 20:52:08,666 WARN o.a.j.t.JMeterThread: Interrupting: 线程组20210930 1-42 sampler: HTTP请求20210930
2021-11-16 20:52:08,669 INFO o.a.j.t.JMeterThread: Stopping: 线程组20210930 1-19
2021-11-16 20:52:08,669 INFO o.a.j.t.JMeterThread: Thread finished: 线程组20210930 1-42
2021-11-16 20:52:08,669 WARN o.a.j.t.JMeterThread: Interrupting: 线程组20210930 1-19 sampler: HTTP请求20210930
2021-11-16 20:52:08,670 INFO o.a.j.t.JMeterThread: Thread finished: 线程组20210930 1-19
2021-11-16 20:52:08,671 INFO o.a.j.t.JMeterThread: Stopping: 线程组20210930 1-136
2021-11-16 20:52:08,671 WARN o.a.j.t.JMeterThread: Interrupting: 线程组20210930 1-136 sampler: HTTP请求20210930
2021-11-16 20:52:08,671 INFO o.a.j.t.JMeterThread: Stopping: 线程组20210930 1-126
2021-11-16 20:52:08,672 INFO o.a.j.t.JMeterThread: Thread finished: 线程组20210930 1-136
2021-11-16 20:52:08,672 WARN o.a.j.t.JMeterThread: Interrupting: 线程组20210930 1-126 sampler: HTTP请求20210930
2021-11-16 20:52:08,673 INFO o.a.j.t.JMeterThread: Thread finished: 线程组20210930 1-126
2021-11-16 20:52:08,673 INFO o.a.j.t.JMeterThread: Stopping: 线程组20210930 1-173
2021-11-16 20:52:08,674 WARN o.a.j.t.JMeterThread: Interrupting: 线程组20210930 1-173 sampler: HTTP请求20210930
2021-11-16 20:52:08,674 INFO o.a.j.t.JMeterThread: Stopping: 线程组20210930 1-38
2021-11-16 20:52:08,675 INFO o.a.j.t.JMeterThread: Thread finished: 线程组20210930 1-173
2021-11-16 20:52:08,675 WARN o.a.j.t.JMeterThread: Interrupting: 线程组20210930 1-38 sampler: HTTP请求20210930
2021-11-16 20:52:08,675 INFO o.a.j.t.JMeterThread: Stopping: 线程组20210930 1-71
2021-11-16 20:52:08,676 INFO o.a.j.t.JMeterThread: Thread finished: 线程组20210930 1-38
2021-11-16 20:52:08,676 WARN o.a.j.t.JMeterThread: Interrupting: 线程组20210930 1-71 sampler: HTTP请求20210930
2021-11-16 20:52:08,678 INFO o.a.j.t.JMeterThread: Thread finished: 线程组20210930 1-71
2021-11-16 20:52:08,678 INFO o.a.j.t.JMeterThread: Stopping: 线程组20210930 1-57
2021-11-16 20:52:08,678 WARN o.a.j.t.JMeterThread: Interrupting: 线程组20210930 1-57 sampler: HTTP请求20210930
2021-11-16 20:52:08,680 INFO o.a.j.t.JMeterThread: Stopping: 线程组20210930 1-106
2021-11-16 20:52:08,680 INFO o.a.j.t.JMeterThread: Thread finished: 线程组20210930 1-57
2021-11-16 20:52:08,680 WARN o.a.j.t.JMeterThread: Interrupting: 线程组20210930 1-106 sampler: HTTP请求20210930
2021-11-16 20:52:08,682 INFO o.a.j.t.JMeterThread: Thread finished: 线程组20210930 1-106
2021-11-16 20:52:08,682 INFO o.a.j.t.JMeterThread: Stopping: 线程组20210930 1-73
2021-11-16 20:52:08,682 WARN o.a.j.t.JMeterThread: Interrupting: 线程组20210930 1-73 sampler: HTTP请求20210930
2021-11-16 20:52:08,683 INFO o.a.j.t.JMeterThread: Thread finished: 线程组20210930 1-73
2021-11-16 20:52:08,683 INFO o.a.j.t.JMeterThread: Stopping: 线程组20210930 1-117
2021-11-16 20:52:08,683 WARN o.a.j.t.JMeterThread: Interrupting: 线程组20210930 1-117 sampler: HTTP请求20210930
2021-11-16 20:52:08,684 INFO o.a.j.t.JMeterThread: Stopping: 线程组20210930 1-34
2021-11-16 20:52:08,685 INFO o.a.j.t.JMeterThread: Thread finished: 线程组20210930 1-117
2021-11-16 20:52:08,685 WARN o.a.j.t.JMeterThread: Interrupting: 线程组20210930 1-34 sampler: HTTP请求20210930
2021-11-16 20:52:08,686 INFO o.a.j.t.JMeterThread: Thread finished: 线程组20210930 1-34
2021-11-16 20:52:08,686 INFO o.a.j.t.JMeterThread: Stopping: 线程组20210930 1-18
2021-11-16 20:52:08,686 WARN o.a.j.t.JMeterThread: Interrupting: 线程组20210930 1-18 sampler: HTTP请求20210930
2021-11-16 20:52:08,686 INFO o.a.j.t.JMeterThread: Stopping: 线程组20210930 1-95
2021-11-16 20:52:08,687 INFO o.a.j.t.JMeterThread: Thread finished: 线程组20210930 1-18
2021-11-16 20:52:08,688 WARN o.a.j.t.JMeterThread: Interrupting: 线程组20210930 1-95 sampler: HTTP请求20210930
2021-11-16 20:52:08,688 INFO o.a.j.t.JMeterThread: Stopping: 线程组20210930 1-180
2021-11-16 20:52:08,689 INFO o.a.j.t.JMeterThread: Thread finished: 线程组20210930 1-95
2021-11-16 20:52:08,689 WARN o.a.j.t.JMeterThread: Interrupting: 线程组20210930 1-180 sampler: HTTP请求20210930
2021-11-16 20:52:08,691 INFO o.a.j.t.JMeterThread: Thread finished: 线程组20210930 1-180
2021-11-16 20:52:08,691 INFO o.a.j.t.JMeterThread: Stopping: 线程组20210930 1-112
2021-11-16 20:52:08,691 WARN o.a.j.t.JMeterThread: Interrupting: 线程组20210930 1-112 sampler: HTTP请求20210930
2021-11-16 20:52:08,692 INFO o.a.j.t.JMeterThread: Stopping: 线程组20210930 1-120
2021-11-16 20:52:08,692 INFO o.a.j.t.JMeterThread: Thread finished: 线程组20210930 1-112
2021-11-16 20:52:08,693 WARN o.a.j.t.JMeterThread: Interrupting: 线程组20210930 1-120 sampler: HTTP请求20210930
2021-11-16 20:52:08,694 INFO o.a.j.t.JMeterThread: Thread finished: 线程组20210930 1-120
2021-11-16 20:52:08,695 INFO o.a.j.t.JMeterThread: Stopping: 线程组20210930 1-163
2021-11-16 20:52:08,695 WARN o.a.j.t.JMeterThread: Interrupting: 线程组20210930 1-163 sampler: HTTP请求20210930
2021-11-16 20:52:08,699 INFO o.a.j.t.JMeterThread: Stopping: 线程组20210930 1-200
2021-11-16 20:52:08,699 INFO o.a.j.t.JMeterThread: Thread finished: 线程组20210930 1-163
2021-11-16 20:52:08,699 WARN o.a.j.t.JMeterThread: Interrupting: 线程组20210930 1-200 sampler: HTTP请求20210930
2021-11-16 20:52:08,700 INFO o.a.j.t.JMeterThread: Stopping: 线程组20210930 1-170
2021-11-16 20:52:08,703 INFO o.a.j.t.JMeterThread: Thread finished: 线程组20210930 1-200
2021-11-16 20:52:08,705 WARN o.a.j.t.JMeterThread: Interrupting: 线程组20210930 1-170 sampler: HTTP请求20210930
2021-11-16 20:52:08,705 INFO o.a.j.t.JMeterThread: Thread finished: 线程组20210930 1-170
2021-11-16 20:52:08,706 INFO o.a.j.t.JMeterThread: Stopping: 线程组20210930 1-98
2021-11-16 20:52:08,706 WARN o.a.j.t.JMeterThread: Interrupting: 线程组20210930 1-98 sampler: HTTP请求20210930
2021-11-16 20:52:08,706 INFO o.a.j.t.JMeterThread: Stopping: 线程组20210930 1-101
2021-11-16 20:52:08,707 WARN o.a.j.t.JMeterThread: Interrupting: 线程组20210930 1-101 sampler: HTTP请求20210930
2021-11-16 20:52:08,707 INFO o.a.j.t.JMeterThread: Thread finished: 线程组20210930 1-98
2021-11-16 20:52:08,707 INFO o.a.j.t.JMeterThread: Thread finished: 线程组20210930 1-101
2021-11-16 20:52:08,707 INFO o.a.j.t.JMeterThread: Stopping: 线程组20210930 1-123
2021-11-16 20:52:08,707 WARN o.a.j.t.JMeterThread: Interrupting: 线程组20210930 1-123 sampler: HTTP请求20210930
2021-11-16 20:52:08,708 INFO o.a.j.t.JMeterThread: Stopping: 线程组20210930 1-154
2021-11-16 20:52:08,708 WARN o.a.j.t.JMeterThread: Interrupting: 线程组20210930 1-154 sampler: HTTP请求20210930
2021-11-16 20:52:08,708 INFO o.a.j.t.JMeterThread: Thread finished: 线程组20210930 1-123
2021-11-16 20:52:08,708 INFO o.a.j.t.JMeterThread: Stopping: 线程组20210930 1-116
2021-11-16 20:52:08,708 INFO o.a.j.t.JMeterThread: Thread finished: 线程组20210930 1-154
2021-11-16 20:52:08,708 WARN o.a.j.t.JMeterThread: Interrupting: 线程组20210930 1-116 sampler: HTTP请求20210930
2021-11-16 20:52:08,709 INFO o.a.j.t.JMeterThread: Thread finished: 线程组20210930 1-116
2021-11-16 20:52:08,709 INFO o.a.j.t.JMeterThread: Stopping: 线程组20210930 1-26
2021-11-16 20:52:08,709 WARN o.a.j.t.JMeterThread: Interrupting: 线程组20210930 1-26 sampler: HTTP请求20210930
2021-11-16 20:52:08,710 INFO o.a.j.t.JMeterThread: Thread finished: 线程组20210930 1-26
2021-11-16 20:52:08,710 INFO o.a.j.t.JMeterThread: Stopping: 线程组20210930 1-150
2021-11-16 20:52:08,710 WARN o.a.j.t.JMeterThread: Interrupting: 线程组20210930 1-150 sampler: HTTP请求20210930
2021-11-16 20:52:08,711 INFO o.a.j.t.JMeterThread: Stopping: 线程组20210930 1-141
2021-11-16 20:52:08,711 WARN o.a.j.t.JMeterThread: Interrupting: 线程组20210930 1-141 sampler: HTTP请求20210930
2021-11-16 20:52:08,711 INFO o.a.j.t.JMeterThread: Thread finished: 线程组20210930 1-150
2021-11-16 20:52:08,711 INFO o.a.j.t.JMeterThread: Stopping: 线程组20210930 1-133
2021-11-16 20:52:08,711 WARN o.a.j.t.JMeterThread: Interrupting: 线程组20210930 1-133 sampler: HTTP请求20210930
2021-11-16 20:52:08,711 INFO o.a.j.t.JMeterThread: Thread finished: 线程组20210930 1-141
2021-11-16 20:52:08,713 INFO o.a.j.t.JMeterThread: Thread finished: 线程组20210930 1-133
2021-11-16 20:52:08,713 INFO o.a.j.t.JMeterThread: Stopping: 线程组20210930 1-93
2021-11-16 20:52:08,713 WARN o.a.j.t.JMeterThread: Interrupting: 线程组20210930 1-93 sampler: HTTP请求20210930
2021-11-16 20:52:08,714 INFO o.a.j.t.JMeterThread: Stopping: 线程组20210930 1-39
2021-11-16 20:52:08,714 INFO o.a.j.t.JMeterThread: Thread finished: 线程组20210930 1-93
2021-11-16 20:52:08,714 WARN o.a.j.t.JMeterThread: Interrupting: 线程组20210930 1-39 sampler: HTTP请求20210930
2021-11-16 20:52:08,715 INFO o.a.j.t.JMeterThread: Stopping: 线程组20210930 1-162
2021-11-16 20:52:08,715 WARN o.a.j.t.JMeterThread: Interrupting: 线程组20210930 1-162 sampler: HTTP请求20210930
2021-11-16 20:52:08,715 INFO o.a.j.t.JMeterThread: Thread finished: 线程组20210930 1-39
2021-11-16 20:52:08,716 INFO o.a.j.t.JMeterThread: Thread finished: 线程组20210930 1-162
2021-11-16 20:52:08,717 INFO o.a.j.t.JMeterThread: Stopping: 线程组20210930 1-17
2021-11-16 20:52:08,717 WARN o.a.j.t.JMeterThread: Interrupting: 线程组20210930 1-17 sampler: HTTP请求20210930
2021-11-16 20:52:08,717 INFO o.a.j.t.JMeterThread: Stopping: 线程组20210930 1-157
2021-11-16 20:52:08,717 INFO o.a.j.t.JMeterThread: Thread finished: 线程组20210930 1-17
2021-11-16 20:52:08,718 WARN o.a.j.t.JMeterThread: Interrupting: 线程组20210930 1-157 sampler: HTTP请求20210930
2021-11-16 20:52:08,718 INFO o.a.j.t.JMeterThread: Thread finished: 线程组20210930 1-157
2021-11-16 20:52:08,719 INFO o.a.j.t.JMeterThread: Stopping: 线程组20210930 1-103
2021-11-16 20:52:08,722 WARN o.a.j.t.JMeterThread: Interrupting: 线程组20210930 1-103 sampler: HTTP请求20210930
2021-11-16 20:52:08,722 INFO o.a.j.t.JMeterThread: Stopping: 线程组20210930 1-144
2021-11-16 20:52:08,722 WARN o.a.j.t.JMeterThread: Interrupting: 线程组20210930 1-144 sampler: HTTP请求20210930
2021-11-16 20:52:08,722 INFO o.a.j.t.JMeterThread: Thread finished: 线程组20210930 1-103
2021-11-16 20:52:08,723 INFO o.a.j.t.JMeterThread: Thread finished: 线程组20210930 1-144
2021-11-16 20:52:08,723 INFO o.a.j.t.JMeterThread: Stopping: 线程组20210930 1-2
2021-11-16 20:52:08,723 WARN o.a.j.t.JMeterThread: Interrupting: 线程组20210930 1-2 sampler: HTTP请求20210930
2021-11-16 20:52:08,723 INFO o.a.j.t.JMeterThread: Thread finished: 线程组20210930 1-2
2021-11-16 20:52:08,724 INFO o.a.j.t.JMeterThread: Stopping: 线程组20210930 1-114
2021-11-16 20:52:08,724 WARN o.a.j.t.JMeterThread: Interrupting: 线程组20210930 1-114 sampler: HTTP请求20210930
2021-11-16 20:52:08,724 INFO o.a.j.t.JMeterThread: Thread finished: 线程组20210930 1-114
2021-11-16 20:52:08,724 INFO o.a.j.t.JMeterThread: Stopping: 线程组20210930 1-13
2021-11-16 20:52:08,724 WARN o.a.j.t.JMeterThread: Interrupting: 线程组20210930 1-13 sampler: HTTP请求20210930
2021-11-16 20:52:08,724 INFO o.a.j.t.JMeterThread: Stopping: 线程组20210930 1-160
2021-11-16 20:52:08,724 WARN o.a.j.t.JMeterThread: Interrupting: 线程组20210930 1-160 sampler: HTTP请求20210930
2021-11-16 20:52:08,725 INFO o.a.j.t.JMeterThread: Thread finished: 线程组20210930 1-13
2021-11-16 20:52:08,725 INFO o.a.j.t.JMeterThread: Stopping: 线程组20210930 1-113
2021-11-16 20:52:08,725 WARN o.a.j.t.JMeterThread: Interrupting: 线程组20210930 1-113 sampler: HTTP请求20210930
2021-11-16 20:52:08,725 INFO o.a.j.t.JMeterThread: Thread finished: 线程组20210930 1-160
2021-11-16 20:52:08,725 INFO o.a.j.t.JMeterThread: Stopping: 线程组20210930 1-137
2021-11-16 20:52:08,725 WARN o.a.j.t.JMeterThread: Interrupting: 线程组20210930 1-137 sampler: HTTP请求20210930
2021-11-16 20:52:08,725 INFO o.a.j.t.JMeterThread: Thread finished: 线程组20210930 1-113
2021-11-16 20:52:08,725 INFO o.a.j.t.JMeterThread: Stopping: 线程组20210930 1-99
2021-11-16 20:52:08,725 WARN o.a.j.t.JMeterThread: Interrupting: 线程组20210930 1-99 sampler: HTTP请求20210930
2021-11-16 20:52:08,725 INFO o.a.j.t.JMeterThread: Thread finished: 线程组20210930 1-137
2021-11-16 20:52:08,725 INFO o.a.j.t.JMeterThread: Stopping: 线程组20210930 1-131
2021-11-16 20:52:08,725 WARN o.a.j.t.JMeterThread: Interrupting: 线程组20210930 1-131 sampler: HTTP请求20210930
2021-11-16 20:52:08,725 INFO o.a.j.t.JMeterThread: Thread finished: 线程组20210930 1-99
2021-11-16 20:52:08,725 INFO o.a.j.t.JMeterThread: Stopping: 线程组20210930 1-190
2021-11-16 20:52:08,725 WARN o.a.j.t.JMeterThread: Interrupting: 线程组20210930 1-190 sampler: HTTP请求20210930
2021-11-16 20:52:08,725 INFO o.a.j.t.JMeterThread: Thread finished: 线程组20210930 1-131
2021-11-16 20:52:08,725 INFO o.a.j.t.JMeterThread: Stopping: 线程组20210930 1-111
2021-11-16 20:52:08,726 WARN o.a.j.t.JMeterThread: Interrupting: 线程组20210930 1-111 sampler: HTTP请求20210930
2021-11-16 20:52:08,726 INFO o.a.j.t.JMeterThread: Thread finished: 线程组20210930 1-190
2021-11-16 20:52:08,726 INFO o.a.j.t.JMeterThread: Stopping: 线程组20210930 1-1
2021-11-16 20:52:08,726 WARN o.a.j.t.JMeterThread: Interrupting: 线程组20210930 1-1 sampler: HTTP请求20210930
2021-11-16 20:52:08,726 INFO o.a.j.t.JMeterThread: Stopping: 线程组20210930 1-182
2021-11-16 20:52:08,726 INFO o.a.j.t.JMeterThread: Thread finished: 线程组20210930 1-111
2021-11-16 20:52:08,726 WARN o.a.j.t.JMeterThread: Interrupting: 线程组20210930 1-182 sampler: HTTP请求20210930
2021-11-16 20:52:08,726 INFO o.a.j.t.JMeterThread: Thread finished: 线程组20210930 1-1
2021-11-16 20:52:08,726 INFO o.a.j.t.JMeterThread: Stopping: 线程组20210930 1-172
2021-11-16 20:52:08,726 INFO o.a.j.t.JMeterThread: Thread finished: 线程组20210930 1-182
2021-11-16 20:52:08,726 WARN o.a.j.t.JMeterThread: Interrupting: 线程组20210930 1-172 sampler: HTTP请求20210930
2021-11-16 20:52:08,726 INFO o.a.j.t.JMeterThread: Stopping: 线程组20210930 1-197
2021-11-16 20:52:08,726 WARN o.a.j.t.JMeterThread: Interrupting: 线程组20210930 1-197 sampler: HTTP请求20210930
2021-11-16 20:52:08,726 INFO o.a.j.t.JMeterThread: Thread finished: 线程组20210930 1-172
2021-11-16 20:52:08,726 INFO o.a.j.t.JMeterThread: Stopping: 线程组20210930 1-6
2021-11-16 20:52:08,726 WARN o.a.j.t.JMeterThread: Interrupting: 线程组20210930 1-6 sampler: HTTP请求20210930
2021-11-16 20:52:08,727 INFO o.a.j.t.JMeterThread: Thread finished: 线程组20210930 1-197
2021-11-16 20:52:08,727 INFO o.a.j.t.JMeterThread: Stopping: 线程组20210930 1-188
2021-11-16 20:52:08,727 WARN o.a.j.t.JMeterThread: Interrupting: 线程组20210930 1-188 sampler: HTTP请求20210930
2021-11-16 20:52:08,727 INFO o.a.j.t.JMeterThread: Thread finished: 线程组20210930 1-6
2021-11-16 20:52:08,727 INFO o.a.j.t.JMeterThread: Stopping: 线程组20210930 1-97
2021-11-16 20:52:08,727 WARN o.a.j.t.JMeterThread: Interrupting: 线程组20210930 1-97 sampler: HTTP请求20210930
2021-11-16 20:52:08,727 INFO o.a.j.t.JMeterThread: Thread finished: 线程组20210930 1-188
2021-11-16 20:52:08,727 INFO o.a.j.t.JMeterThread: Stopping: 线程组20210930 1-177
2021-11-16 20:52:08,727 WARN o.a.j.t.JMeterThread: Interrupting: 线程组20210930 1-177 sampler: HTTP请求20210930
2021-11-16 20:52:08,727 INFO o.a.j.t.JMeterThread: Thread finished: 线程组20210930 1-97
2021-11-16 20:52:08,727 INFO o.a.j.t.JMeterThread: Stopping: 线程组20210930 1-166
2021-11-16 20:52:08,727 WARN o.a.j.t.JMeterThread: Interrupting: 线程组20210930 1-166 sampler: HTTP请求20210930
2021-11-16 20:52:08,727 INFO o.a.j.t.JMeterThread: Thread finished: 线程组20210930 1-177
2021-11-16 20:52:08,727 INFO o.a.j.t.JMeterThread: Stopping: 线程组20210930 1-83
2021-11-16 20:52:08,727 WARN o.a.j.t.JMeterThread: Interrupting: 线程组20210930 1-83 sampler: HTTP请求20210930
2021-11-16 20:52:08,727 INFO o.a.j.t.JMeterThread: Thread finished: 线程组20210930 1-166
2021-11-16 20:52:08,727 INFO o.a.j.t.JMeterThread: Stopping: 线程组20210930 1-164
2021-11-16 20:52:08,727 WARN o.a.j.t.JMeterThread: Interrupting: 线程组20210930 1-164 sampler: HTTP请求20210930
2021-11-16 20:52:08,727 INFO o.a.j.t.JMeterThread: Thread finished: 线程组20210930 1-83
2021-11-16 20:52:08,727 INFO o.a.j.t.JMeterThread: Stopping: 线程组20210930 1-100
2021-11-16 20:52:08,728 WARN o.a.j.t.JMeterThread: Interrupting: 线程组20210930 1-100 sampler: HTTP请求20210930
2021-11-16 20:52:08,728 INFO o.a.j.t.JMeterThread: Thread finished: 线程组20210930 1-164
2021-11-16 20:52:08,728 INFO o.a.j.t.JMeterThread: Stopping: 线程组20210930 1-47
2021-11-16 20:52:08,728 WARN o.a.j.t.JMeterThread: Interrupting: 线程组20210930 1-47 sampler: HTTP请求20210930
2021-11-16 20:52:08,728 INFO o.a.j.t.JMeterThread: Thread finished: 线程组20210930 1-100
2021-11-16 20:52:08,728 INFO o.a.j.t.JMeterThread: Stopping: 线程组20210930 1-186
2021-11-16 20:52:08,728 WARN o.a.j.t.JMeterThread: Interrupting: 线程组20210930 1-186 sampler: HTTP请求20210930
2021-11-16 20:52:08,728 INFO o.a.j.t.JMeterThread: Thread finished: 线程组20210930 1-47
2021-11-16 20:52:08,728 INFO o.a.j.t.JMeterThread: Stopping: 线程组20210930 1-161
2021-11-16 20:52:08,728 WARN o.a.j.t.JMeterThread: Interrupting: 线程组20210930 1-161 sampler: HTTP请求20210930
2021-11-16 20:52:08,728 INFO o.a.j.t.JMeterThread: Thread finished: 线程组20210930 1-186
2021-11-16 20:52:08,729 INFO o.a.j.t.JMeterThread: Stopping: 线程组20210930 1-46
2021-11-16 20:52:08,729 WARN o.a.j.t.JMeterThread: Interrupting: 线程组20210930 1-46 sampler: HTTP请求20210930
2021-11-16 20:52:08,729 INFO o.a.j.t.JMeterThread: Thread finished: 线程组20210930 1-161
2021-11-16 20:52:08,729 INFO o.a.j.t.JMeterThread: Thread finished: 线程组20210930 1-46
2021-11-16 20:52:08,729 INFO o.a.j.t.JMeterThread: Stopping: 线程组20210930 1-178
2021-11-16 20:52:08,729 WARN o.a.j.t.JMeterThread: Interrupting: 线程组20210930 1-178 sampler: HTTP请求20210930
2021-11-16 20:52:08,729 INFO o.a.j.t.JMeterThread: Stopping: 线程组20210930 1-128
2021-11-16 20:52:08,729 WARN o.a.j.t.JMeterThread: Interrupting: 线程组20210930 1-128 sampler: HTTP请求20210930
2021-11-16 20:52:08,730 INFO o.a.j.t.JMeterThread: Stopping: 线程组20210930 1-165
2021-11-16 20:52:08,730 INFO o.a.j.t.JMeterThread: Thread finished: 线程组20210930 1-178
2021-11-16 20:52:08,730 WARN o.a.j.t.JMeterThread: Interrupting: 线程组20210930 1-165 sampler: HTTP请求20210930
2021-11-16 20:52:08,730 INFO o.a.j.t.JMeterThread: Thread finished: 线程组20210930 1-128
2021-11-16 20:52:08,730 INFO o.a.j.t.JMeterThread: Stopping: 线程组20210930 1-191
2021-11-16 20:52:08,730 WARN o.a.j.t.JMeterThread: Interrupting: 线程组20210930 1-191 sampler: HTTP请求20210930
2021-11-16 20:52:08,730 INFO o.a.j.t.JMeterThread: Thread finished: 线程组20210930 1-165
2021-11-16 20:52:08,730 INFO o.a.j.t.JMeterThread: Stopping: 线程组20210930 1-124
2021-11-16 20:52:08,731 WARN o.a.j.t.JMeterThread: Interrupting: 线程组20210930 1-124 sampler: HTTP请求20210930
2021-11-16 20:52:08,731 INFO o.a.j.t.JMeterThread: Thread finished: 线程组20210930 1-191
2021-11-16 20:52:08,731 INFO o.a.j.t.JMeterThread: Stopping: 线程组20210930 1-72
2021-11-16 20:52:08,731 WARN o.a.j.t.JMeterThread: Interrupting: 线程组20210930 1-72 sampler: HTTP请求20210930
2021-11-16 20:52:08,731 INFO o.a.j.t.JMeterThread: Thread finished: 线程组20210930 1-124
2021-11-16 20:52:08,731 INFO o.a.j.t.JMeterThread: Stopping: 线程组20210930 1-59
2021-11-16 20:52:08,731 WARN o.a.j.t.JMeterThread: Interrupting: 线程组20210930 1-59 sampler: HTTP请求20210930
2021-11-16 20:52:08,731 INFO o.a.j.t.JMeterThread: Thread finished: 线程组20210930 1-72
2021-11-16 20:52:08,731 INFO o.a.j.t.JMeterThread: Stopping: 线程组20210930 1-102
2021-11-16 20:52:08,731 WARN o.a.j.t.JMeterThread: Interrupting: 线程组20210930 1-102 sampler: HTTP请求20210930
2021-11-16 20:52:08,731 INFO o.a.j.t.JMeterThread: Stopping: 线程组20210930 1-96
2021-11-16 20:52:08,731 INFO o.a.j.t.JMeterThread: Thread finished: 线程组20210930 1-59
2021-11-16 20:52:08,731 WARN o.a.j.t.JMeterThread: Interrupting: 线程组20210930 1-96 sampler: HTTP请求20210930
2021-11-16 20:52:08,731 INFO o.a.j.t.JMeterThread: Thread finished: 线程组20210930 1-102
2021-11-16 20:52:08,731 INFO o.a.j.t.JMeterThread: Stopping: 线程组20210930 1-183
2021-11-16 20:52:08,731 WARN o.a.j.t.JMeterThread: Interrupting: 线程组20210930 1-183 sampler: HTTP请求20210930
2021-11-16 20:52:08,731 INFO o.a.j.t.JMeterThread: Thread finished: 线程组20210930 1-96
2021-11-16 20:52:08,732 INFO o.a.j.t.JMeterThread: Stopping: 线程组20210930 1-12
2021-11-16 20:52:08,732 WARN o.a.j.t.JMeterThread: Interrupting: 线程组20210930 1-12 sampler: HTTP请求20210930
2021-11-16 20:52:08,732 INFO o.a.j.t.JMeterThread: Thread finished: 线程组20210930 1-183
2021-11-16 20:52:08,732 INFO o.a.j.t.JMeterThread: Stopping: 线程组20210930 1-77
2021-11-16 20:52:08,732 WARN o.a.j.t.JMeterThread: Interrupting: 线程组20210930 1-77 sampler: HTTP请求20210930
2021-11-16 20:52:08,732 INFO o.a.j.t.JMeterThread: Thread finished: 线程组20210930 1-12
2021-11-16 20:52:08,732 INFO o.a.j.t.JMeterThread: Thread finished: 线程组20210930 1-77
2021-11-16 20:52:08,732 INFO o.a.j.t.JMeterThread: Stopping: 线程组20210930 1-147
2021-11-16 20:52:08,732 WARN o.a.j.t.JMeterThread: Interrupting: 线程组20210930 1-147 sampler: HTTP请求20210930
2021-11-16 20:52:08,732 INFO o.a.j.t.JMeterThread: Stopping: 线程组20210930 1-108
2021-11-16 20:52:08,732 WARN o.a.j.t.JMeterThread: Interrupting: 线程组20210930 1-108 sampler: HTTP请求20210930
2021-11-16 20:52:08,732 INFO o.a.j.t.JMeterThread: Stopping: 线程组20210930 1-30
2021-11-16 20:52:08,732 INFO o.a.j.t.JMeterThread: Thread finished: 线程组20210930 1-147
2021-11-16 20:52:08,732 WARN o.a.j.t.JMeterThread: Interrupting: 线程组20210930 1-30 sampler: HTTP请求20210930
2021-11-16 20:52:08,733 INFO o.a.j.t.JMeterThread: Thread finished: 线程组20210930 1-108
2021-11-16 20:52:08,733 INFO o.a.j.t.JMeterThread: Stopping: 线程组20210930 1-174
2021-11-16 20:52:08,733 WARN o.a.j.t.JMeterThread: Interrupting: 线程组20210930 1-174 sampler: HTTP请求20210930
2021-11-16 20:52:08,733 INFO o.a.j.t.JMeterThread: Thread finished: 线程组20210930 1-30
2021-11-16 20:52:08,733 INFO o.a.j.t.JMeterThread: Stopping: 线程组20210930 1-22
2021-11-16 20:52:08,733 WARN o.a.j.t.JMeterThread: Interrupting: 线程组20210930 1-22 sampler: HTTP请求20210930
2021-11-16 20:52:08,733 INFO o.a.j.t.JMeterThread: Thread finished: 线程组20210930 1-174
2021-11-16 20:52:08,733 INFO o.a.j.t.JMeterThread: Stopping: 线程组20210930 1-169
2021-11-16 20:52:08,733 WARN o.a.j.t.JMeterThread: Interrupting: 线程组20210930 1-169 sampler: HTTP请求20210930
2021-11-16 20:52:08,733 INFO o.a.j.t.JMeterThread: Thread finished: 线程组20210930 1-22
2021-11-16 20:52:08,733 INFO o.a.j.t.JMeterThread: Stopping: 线程组20210930 1-49
2021-11-16 20:52:08,733 WARN o.a.j.t.JMeterThread: Interrupting: 线程组20210930 1-49 sampler: HTTP请求20210930
2021-11-16 20:52:08,733 INFO o.a.j.t.JMeterThread: Thread finished: 线程组20210930 1-169
2021-11-16 20:52:08,733 INFO o.a.j.t.JMeterThread: Stopping: 线程组20210930 1-37
2021-11-16 20:52:08,733 WARN o.a.j.t.JMeterThread: Interrupting: 线程组20210930 1-37 sampler: HTTP请求20210930
2021-11-16 20:52:08,733 INFO o.a.j.t.JMeterThread: Thread finished: 线程组20210930 1-49
2021-11-16 20:52:08,733 INFO o.a.j.t.JMeterThread: Stopping: 线程组20210930 1-119
2021-11-16 20:52:08,733 WARN o.a.j.t.JMeterThread: Interrupting: 线程组20210930 1-119 sampler: HTTP请求20210930
2021-11-16 20:52:08,734 INFO o.a.j.t.JMeterThread: Thread finished: 线程组20210930 1-37
2021-11-16 20:52:08,734 INFO o.a.j.t.JMeterThread: Stopping: 线程组20210930 1-66
2021-11-16 20:52:08,734 WARN o.a.j.t.JMeterThread: Interrupting: 线程组20210930 1-66 sampler: HTTP请求20210930
2021-11-16 20:52:08,734 INFO o.a.j.t.JMeterThread: Thread finished: 线程组20210930 1-119
2021-11-16 20:52:08,734 INFO o.a.j.t.JMeterThread: Stopping: 线程组20210930 1-107
2021-11-16 20:52:08,734 WARN o.a.j.t.JMeterThread: Interrupting: 线程组20210930 1-107 sampler: HTTP请求20210930
2021-11-16 20:52:08,734 INFO o.a.j.t.JMeterThread: Thread finished: 线程组20210930 1-66
2021-11-16 20:52:08,734 INFO o.a.j.t.JMeterThread: Stopping: 线程组20210930 1-109
2021-11-16 20:52:08,734 WARN o.a.j.t.JMeterThread: Interrupting: 线程组20210930 1-109 sampler: HTTP请求20210930
2021-11-16 20:52:08,734 INFO o.a.j.t.JMeterThread: Thread finished: 线程组20210930 1-107
2021-11-16 20:52:08,734 INFO o.a.j.t.JMeterThread: Stopping: 线程组20210930 1-23
2021-11-16 20:52:08,734 WARN o.a.j.t.JMeterThread: Interrupting: 线程组20210930 1-23 sampler: HTTP请求20210930
2021-11-16 20:52:08,734 INFO o.a.j.t.JMeterThread: Thread finished: 线程组20210930 1-109
2021-11-16 20:52:08,734 INFO o.a.j.t.JMeterThread: Stopping: 线程组20210930 1-33
2021-11-16 20:52:08,734 WARN o.a.j.t.JMeterThread: Interrupting: 线程组20210930 1-33 sampler: HTTP请求20210930
2021-11-16 20:52:08,735 INFO o.a.j.t.JMeterThread: Stopping: 线程组20210930 1-142
2021-11-16 20:52:08,735 INFO o.a.j.t.JMeterThread: Thread finished: 线程组20210930 1-23
2021-11-16 20:52:08,735 WARN o.a.j.t.JMeterThread: Interrupting: 线程组20210930 1-142 sampler: HTTP请求20210930
2021-11-16 20:52:08,735 INFO o.a.j.t.JMeterThread: Thread finished: 线程组20210930 1-33
2021-11-16 20:52:08,735 INFO o.a.j.t.JMeterThread: Stopping: 线程组20210930 1-91
2021-11-16 20:52:08,735 WARN o.a.j.t.JMeterThread: Interrupting: 线程组20210930 1-91 sampler: HTTP请求20210930
2021-11-16 20:52:08,735 INFO o.a.j.t.JMeterThread: Thread finished: 线程组20210930 1-142
2021-11-16 20:52:08,735 INFO o.a.j.t.JMeterThread: Stopping: 线程组20210930 1-9
2021-11-16 20:52:08,735 WARN o.a.j.t.JMeterThread: Interrupting: 线程组20210930 1-9 sampler: HTTP请求20210930
2021-11-16 20:52:08,735 INFO o.a.j.t.JMeterThread: Stopping: 线程组20210930 1-76
2021-11-16 20:52:08,735 INFO o.a.j.t.JMeterThread: Thread finished: 线程组20210930 1-91
2021-11-16 20:52:08,735 WARN o.a.j.t.JMeterThread: Interrupting: 线程组20210930 1-76 sampler: HTTP请求20210930
2021-11-16 20:52:08,735 INFO o.a.j.t.JMeterThread: Thread finished: 线程组20210930 1-9
2021-11-16 20:52:08,735 INFO o.a.j.t.JMeterThread: Stopping: 线程组20210930 1-181
2021-11-16 20:52:08,735 WARN o.a.j.t.JMeterThread: Interrupting: 线程组20210930 1-181 sampler: HTTP请求20210930
2021-11-16 20:52:08,735 INFO o.a.j.t.JMeterThread: Stopping: 线程组20210930 1-45
2021-11-16 20:52:08,735 INFO o.a.j.t.JMeterThread: Thread finished: 线程组20210930 1-76
2021-11-16 20:52:08,735 WARN o.a.j.t.JMeterThread: Interrupting: 线程组20210930 1-45 sampler: HTTP请求20210930
2021-11-16 20:52:08,735 INFO o.a.j.t.JMeterThread: Thread finished: 线程组20210930 1-181
2021-11-16 20:52:08,736 INFO o.a.j.t.JMeterThread: Stopping: 线程组20210930 1-44
2021-11-16 20:52:08,736 WARN o.a.j.t.JMeterThread: Interrupting: 线程组20210930 1-44 sampler: HTTP请求20210930
2021-11-16 20:52:08,736 INFO o.a.j.t.JMeterThread: Thread finished: 线程组20210930 1-45
2021-11-16 20:52:08,736 INFO o.a.j.t.JMeterThread: Stopping: 线程组20210930 1-145
2021-11-16 20:52:08,736 WARN o.a.j.t.JMeterThread: Interrupting: 线程组20210930 1-145 sampler: HTTP请求20210930
2021-11-16 20:52:08,736 INFO o.a.j.t.JMeterThread: Thread finished: 线程组20210930 1-44
2021-11-16 20:52:08,736 INFO o.a.j.t.JMeterThread: Stopping: 线程组20210930 1-64
2021-11-16 20:52:08,736 WARN o.a.j.t.JMeterThread: Interrupting: 线程组20210930 1-64 sampler: HTTP请求20210930
2021-11-16 20:52:08,736 INFO o.a.j.t.JMeterThread: Thread finished: 线程组20210930 1-145
2021-11-16 20:52:08,736 INFO o.a.j.t.JMeterThread: Stopping: 线程组20210930 1-171
2021-11-16 20:52:08,736 WARN o.a.j.t.JMeterThread: Interrupting: 线程组20210930 1-171 sampler: HTTP请求20210930
2021-11-16 20:52:08,736 INFO o.a.j.t.JMeterThread: Thread finished: 线程组20210930 1-64
2021-11-16 20:52:08,736 INFO o.a.j.t.JMeterThread: Stopping: 线程组20210930 1-199
2021-11-16 20:52:08,736 WARN o.a.j.t.JMeterThread: Interrupting: 线程组20210930 1-199 sampler: HTTP请求20210930
2021-11-16 20:52:08,736 INFO o.a.j.t.JMeterThread: Stopping: 线程组20210930 1-20
2021-11-16 20:52:08,736 INFO o.a.j.t.JMeterThread: Thread finished: 线程组20210930 1-171
2021-11-16 20:52:08,736 WARN o.a.j.t.JMeterThread: Interrupting: 线程组20210930 1-20 sampler: HTTP请求20210930
2021-11-16 20:52:08,737 INFO o.a.j.t.JMeterThread: Thread finished: 线程组20210930 1-199
2021-11-16 20:52:08,737 INFO o.a.j.t.JMeterThread: Stopping: 线程组20210930 1-16
2021-11-16 20:52:08,737 WARN o.a.j.t.JMeterThread: Interrupting: 线程组20210930 1-16 sampler: HTTP请求20210930
2021-11-16 20:52:08,737 INFO o.a.j.t.JMeterThread: Thread finished: 线程组20210930 1-20
2021-11-16 20:52:08,737 INFO o.a.j.t.JMeterThread: Stopping: 线程组20210930 1-185
2021-11-16 20:52:08,737 WARN o.a.j.t.JMeterThread: Interrupting: 线程组20210930 1-185 sampler: HTTP请求20210930
2021-11-16 20:52:08,737 INFO o.a.j.t.JMeterThread: Thread finished: 线程组20210930 1-16
2021-11-16 20:52:08,737 INFO o.a.j.t.JMeterThread: Stopping: 线程组20210930 1-7
2021-11-16 20:52:08,737 WARN o.a.j.t.JMeterThread: Interrupting: 线程组20210930 1-7 sampler: HTTP请求20210930
2021-11-16 20:52:08,737 INFO o.a.j.t.JMeterThread: Thread finished: 线程组20210930 1-185
2021-11-16 20:52:08,737 INFO o.a.j.t.JMeterThread: Stopping: 线程组20210930 1-36
2021-11-16 20:52:08,737 WARN o.a.j.t.JMeterThread: Interrupting: 线程组20210930 1-36 sampler: HTTP请求20210930
2021-11-16 20:52:08,737 INFO o.a.j.t.JMeterThread: Thread finished: 线程组20210930 1-7
2021-11-16 20:52:08,737 INFO o.a.j.t.JMeterThread: Stopping: 线程组20210930 1-84
2021-11-16 20:52:08,737 WARN o.a.j.t.JMeterThread: Interrupting: 线程组20210930 1-84 sampler: HTTP请求20210930
2021-11-16 20:52:08,737 INFO o.a.j.t.JMeterThread: Stopping: 线程组20210930 1-168
2021-11-16 20:52:08,737 INFO o.a.j.t.JMeterThread: Thread finished: 线程组20210930 1-36
2021-11-16 20:52:08,737 WARN o.a.j.t.JMeterThread: Interrupting: 线程组20210930 1-168 sampler: HTTP请求20210930
2021-11-16 20:52:08,738 INFO o.a.j.t.JMeterThread: Thread finished: 线程组20210930 1-84
2021-11-16 20:52:08,738 INFO o.a.j.t.JMeterThread: Stopping: 线程组20210930 1-15
2021-11-16 20:52:08,738 WARN o.a.j.t.JMeterThread: Interrupting: 线程组20210930 1-15 sampler: HTTP请求20210930
2021-11-16 20:52:08,738 INFO o.a.j.t.JMeterThread: Thread finished: 线程组20210930 1-168
2021-11-16 20:52:08,738 INFO o.a.j.t.JMeterThread: Stopping: 线程组20210930 1-88
2021-11-16 20:52:08,738 WARN o.a.j.t.JMeterThread: Interrupting: 线程组20210930 1-88 sampler: HTTP请求20210930
2021-11-16 20:52:08,738 INFO o.a.j.t.JMeterThread: Thread finished: 线程组20210930 1-15
2021-11-16 20:52:08,738 INFO o.a.j.t.JMeterThread: Stopping: 线程组20210930 1-80
2021-11-16 20:52:08,738 WARN o.a.j.t.JMeterThread: Interrupting: 线程组20210930 1-80 sampler: HTTP请求20210930
2021-11-16 20:52:08,738 INFO o.a.j.t.JMeterThread: Thread finished: 线程组20210930 1-88
2021-11-16 20:52:08,738 INFO o.a.j.t.JMeterThread: Stopping: 线程组20210930 1-63
2021-11-16 20:52:08,738 WARN o.a.j.t.JMeterThread: Interrupting: 线程组20210930 1-63 sampler: HTTP请求20210930
2021-11-16 20:52:08,738 INFO o.a.j.t.JMeterThread: Thread finished: 线程组20210930 1-80
2021-11-16 20:52:08,738 INFO o.a.j.t.JMeterThread: Stopping: 线程组20210930 1-3
2021-11-16 20:52:08,738 WARN o.a.j.t.JMeterThread: Interrupting: 线程组20210930 1-3 sampler: HTTP请求20210930
2021-11-16 20:52:08,739 INFO o.a.j.t.JMeterThread: Thread finished: 线程组20210930 1-63
2021-11-16 20:52:08,739 INFO o.a.j.t.JMeterThread: Stopping: 线程组20210930 1-48
2021-11-16 20:52:08,739 WARN o.a.j.t.JMeterThread: Interrupting: 线程组20210930 1-48 sampler: HTTP请求20210930
2021-11-16 20:52:08,739 INFO o.a.j.t.JMeterThread: Thread finished: 线程组20210930 1-3
2021-11-16 20:52:08,739 INFO o.a.j.t.JMeterThread: Stopping: 线程组20210930 1-53
2021-11-16 20:52:08,739 WARN o.a.j.t.JMeterThread: Interrupting: 线程组20210930 1-53 sampler: HTTP请求20210930
2021-11-16 20:52:08,739 INFO o.a.j.t.JMeterThread: Thread finished: 线程组20210930 1-48
2021-11-16 20:52:08,739 INFO o.a.j.t.JMeterThread: Stopping: 线程组20210930 1-70
2021-11-16 20:52:08,739 WARN o.a.j.t.JMeterThread: Interrupting: 线程组20210930 1-70 sampler: HTTP请求20210930
2021-11-16 20:52:08,739 INFO o.a.j.t.JMeterThread: Thread finished: 线程组20210930 1-53
2021-11-16 20:52:08,739 INFO o.a.j.t.JMeterThread: Stopping: 线程组20210930 1-155
2021-11-16 20:52:08,739 WARN o.a.j.t.JMeterThread: Interrupting: 线程组20210930 1-155 sampler: HTTP请求20210930
2021-11-16 20:52:08,739 INFO o.a.j.t.JMeterThread: Thread finished: 线程组20210930 1-70
2021-11-16 20:52:08,739 INFO o.a.j.t.JMeterThread: Stopping: 线程组20210930 1-195
2021-11-16 20:52:08,739 WARN o.a.j.t.JMeterThread: Interrupting: 线程组20210930 1-195 sampler: HTTP请求20210930
2021-11-16 20:52:08,739 INFO o.a.j.t.JMeterThread: Thread finished: 线程组20210930 1-155
2021-11-16 20:52:08,739 INFO o.a.j.t.JMeterThread: Stopping: 线程组20210930 1-151
2021-11-16 20:52:08,739 WARN o.a.j.t.JMeterThread: Interrupting: 线程组20210930 1-151 sampler: HTTP请求20210930
2021-11-16 20:52:08,739 INFO o.a.j.t.JMeterThread: Thread finished: 线程组20210930 1-195
2021-11-16 20:52:08,740 INFO o.a.j.t.JMeterThread: Stopping: 线程组20210930 1-60
2021-11-16 20:52:08,740 WARN o.a.j.t.JMeterThread: Interrupting: 线程组20210930 1-60 sampler: HTTP请求20210930
2021-11-16 20:52:08,740 INFO o.a.j.t.JMeterThread: Thread finished: 线程组20210930 1-151
2021-11-16 20:52:08,740 INFO o.a.j.t.JMeterThread: Stopping: 线程组20210930 1-146
2021-11-16 20:52:08,740 WARN o.a.j.t.JMeterThread: Interrupting: 线程组20210930 1-146 sampler: HTTP请求20210930
2021-11-16 20:52:08,740 INFO o.a.j.t.JMeterThread: Thread finished: 线程组20210930 1-60
2021-11-16 20:52:08,740 INFO o.a.j.t.JMeterThread: Thread finished: 线程组20210930 1-146
2021-11-16 20:52:08,740 INFO o.a.j.t.JMeterThread: Stopping: 线程组20210930 1-81
2021-11-16 20:52:08,740 WARN o.a.j.t.JMeterThread: Interrupting: 线程组20210930 1-81 sampler: HTTP请求20210930
2021-11-16 20:52:08,740 INFO o.a.j.t.JMeterThread: Stopping: 线程组20210930 1-121
2021-11-16 20:52:08,740 WARN o.a.j.t.JMeterThread: Interrupting: 线程组20210930 1-121 sampler: HTTP请求20210930
2021-11-16 20:52:08,740 INFO o.a.j.t.JMeterThread: Stopping: 线程组20210930 1-41
2021-11-16 20:52:08,740 WARN o.a.j.t.JMeterThread: Interrupting: 线程组20210930 1-41 sampler: HTTP请求20210930
2021-11-16 20:52:08,740 INFO o.a.j.t.JMeterThread: Thread finished: 线程组20210930 1-81
2021-11-16 20:52:08,741 INFO o.a.j.t.JMeterThread: Thread finished: 线程组20210930 1-121
2021-11-16 20:52:08,741 INFO o.a.j.t.JMeterThread: Stopping: 线程组20210930 1-62
2021-11-16 20:52:08,741 WARN o.a.j.t.JMeterThread: Interrupting: 线程组20210930 1-62 sampler: HTTP请求20210930
2021-11-16 20:52:08,741 INFO o.a.j.t.JMeterThread: Thread finished: 线程组20210930 1-41
2021-11-16 20:52:08,741 INFO o.a.j.t.JMeterThread: Stopping: 线程组20210930 1-51
2021-11-16 20:52:08,741 WARN o.a.j.t.JMeterThread: Interrupting: 线程组20210930 1-51 sampler: HTTP请求20210930
2021-11-16 20:52:08,741 INFO o.a.j.t.JMeterThread: Thread finished: 线程组20210930 1-62
2021-11-16 20:52:08,741 INFO o.a.j.t.JMeterThread: Stopping: 线程组20210930 1-189
2021-11-16 20:52:08,741 WARN o.a.j.t.JMeterThread: Interrupting: 线程组20210930 1-189 sampler: HTTP请求20210930
2021-11-16 20:52:08,741 INFO o.a.j.t.JMeterThread: Thread finished: 线程组20210930 1-51
2021-11-16 20:52:08,741 INFO o.a.j.t.JMeterThread: Stopping: 线程组20210930 1-175
2021-11-16 20:52:08,741 WARN o.a.j.t.JMeterThread: Interrupting: 线程组20210930 1-175 sampler: HTTP请求20210930
2021-11-16 20:52:08,741 INFO o.a.j.t.JMeterThread: Thread finished: 线程组20210930 1-189
2021-11-16 20:52:08,741 INFO o.a.j.t.JMeterThread: Stopping: 线程组20210930 1-187
2021-11-16 20:52:08,741 WARN o.a.j.t.JMeterThread: Interrupting: 线程组20210930 1-187 sampler: HTTP请求20210930
2021-11-16 20:52:08,741 INFO o.a.j.t.JMeterThread: Thread finished: 线程组20210930 1-175
2021-11-16 20:52:08,741 INFO o.a.j.t.JMeterThread: Stopping: 线程组20210930 1-193
2021-11-16 20:52:08,741 WARN o.a.j.t.JMeterThread: Interrupting: 线程组20210930 1-193 sampler: HTTP请求20210930
2021-11-16 20:52:08,742 INFO o.a.j.t.JMeterThread: Stopping: 线程组20210930 1-89
2021-11-16 20:52:08,742 INFO o.a.j.t.JMeterThread: Thread finished: 线程组20210930 1-187
2021-11-16 20:52:08,742 WARN o.a.j.t.JMeterThread: Interrupting: 线程组20210930 1-89 sampler: HTTP请求20210930
2021-11-16 20:52:08,742 INFO o.a.j.t.JMeterThread: Thread finished: 线程组20210930 1-193
2021-11-16 20:52:08,742 INFO o.a.j.t.JMeterThread: Stopping: 线程组20210930 1-92
2021-11-16 20:52:08,742 WARN o.a.j.t.JMeterThread: Interrupting: 线程组20210930 1-92 sampler: HTTP请求20210930
2021-11-16 20:52:08,742 INFO o.a.j.t.JMeterThread: Thread finished: 线程组20210930 1-89
2021-11-16 20:52:08,742 INFO o.a.j.t.JMeterThread: Stopping: 线程组20210930 1-87
2021-11-16 20:52:08,742 WARN o.a.j.t.JMeterThread: Interrupting: 线程组20210930 1-87 sampler: HTTP请求20210930
2021-11-16 20:52:08,742 INFO o.a.j.t.JMeterThread: Thread finished: 线程组20210930 1-92
2021-11-16 20:52:08,742 INFO o.a.j.t.JMeterThread: Stopping: 线程组20210930 1-158
2021-11-16 20:52:08,742 WARN o.a.j.t.JMeterThread: Interrupting: 线程组20210930 1-158 sampler: HTTP请求20210930
2021-11-16 20:52:08,742 INFO o.a.j.t.JMeterThread: Thread finished: 线程组20210930 1-87
2021-11-16 20:52:08,742 INFO o.a.j.t.JMeterThread: Stopping: 线程组20210930 1-196
2021-11-16 20:52:08,742 WARN o.a.j.t.JMeterThread: Interrupting: 线程组20210930 1-196 sampler: HTTP请求20210930
2021-11-16 20:52:08,743 INFO o.a.j.t.JMeterThread: Thread finished: 线程组20210930 1-158
2021-11-16 20:52:08,743 INFO o.a.j.t.JMeterThread: Stopping: 线程组20210930 1-153
2021-11-16 20:52:08,743 WARN o.a.j.t.JMeterThread: Interrupting: 线程组20210930 1-153 sampler: HTTP请求20210930
2021-11-16 20:52:08,743 INFO o.a.j.t.JMeterThread: Thread finished: 线程组20210930 1-196
2021-11-16 20:52:08,743 INFO o.a.j.t.JMeterThread: Stopping: 线程组20210930 1-125
2021-11-16 20:52:08,743 WARN o.a.j.t.JMeterThread: Interrupting: 线程组20210930 1-125 sampler: HTTP请求20210930
2021-11-16 20:52:08,743 INFO o.a.j.t.JMeterThread: Thread finished: 线程组20210930 1-153
2021-11-16 20:52:08,743 INFO o.a.j.t.JMeterThread: Stopping: 线程组20210930 1-5
2021-11-16 20:52:08,743 WARN o.a.j.t.JMeterThread: Interrupting: 线程组20210930 1-5 sampler: HTTP请求20210930
2021-11-16 20:52:08,743 INFO o.a.j.t.JMeterThread: Stopping: 线程组20210930 1-105
2021-11-16 20:52:08,743 INFO o.a.j.t.JMeterThread: Thread finished: 线程组20210930 1-125
2021-11-16 20:52:08,743 WARN o.a.j.t.JMeterThread: Interrupting: 线程组20210930 1-105 sampler: HTTP请求20210930
2021-11-16 20:52:08,743 INFO o.a.j.t.JMeterThread: Stopping: 线程组20210930 1-132
2021-11-16 20:52:08,743 INFO o.a.j.t.JMeterThread: Thread finished: 线程组20210930 1-5
2021-11-16 20:52:08,743 WARN o.a.j.t.JMeterThread: Interrupting: 线程组20210930 1-132 sampler: HTTP请求20210930
2021-11-16 20:52:08,743 INFO o.a.j.t.JMeterThread: Thread finished: 线程组20210930 1-105
2021-11-16 20:52:08,743 INFO o.a.j.t.JMeterThread: Stopping: 线程组20210930 1-28
2021-11-16 20:52:08,743 WARN o.a.j.t.JMeterThread: Interrupting: 线程组20210930 1-28 sampler: HTTP请求20210930
2021-11-16 20:52:08,743 INFO o.a.j.t.JMeterThread: Thread finished: 线程组20210930 1-132
2021-11-16 20:52:08,743 INFO o.a.j.t.JMeterThread: Stopping: 线程组20210930 1-82
2021-11-16 20:52:08,743 WARN o.a.j.t.JMeterThread: Interrupting: 线程组20210930 1-82 sampler: HTTP请求20210930
2021-11-16 20:52:08,744 INFO o.a.j.t.JMeterThread: Stopping: 线程组20210930 1-138
2021-11-16 20:52:08,744 INFO o.a.j.t.JMeterThread: Thread finished: 线程组20210930 1-28
2021-11-16 20:52:08,744 WARN o.a.j.t.JMeterThread: Interrupting: 线程组20210930 1-138 sampler: HTTP请求20210930
2021-11-16 20:52:08,744 INFO o.a.j.t.JMeterThread: Stopping: 线程组20210930 1-65
2021-11-16 20:52:08,744 INFO o.a.j.t.JMeterThread: Thread finished: 线程组20210930 1-82
2021-11-16 20:52:08,744 WARN o.a.j.t.JMeterThread: Interrupting: 线程组20210930 1-65 sampler: HTTP请求20210930
2021-11-16 20:52:08,744 INFO o.a.j.t.JMeterThread: Thread finished: 线程组20210930 1-138
2021-11-16 20:52:08,744 INFO o.a.j.t.JMeterThread: Stopping: 线程组20210930 1-21
2021-11-16 20:52:08,744 WARN o.a.j.t.JMeterThread: Interrupting: 线程组20210930 1-21 sampler: HTTP请求20210930
2021-11-16 20:52:08,744 INFO o.a.j.t.JMeterThread: Thread finished: 线程组20210930 1-65
2021-11-16 20:52:08,744 INFO o.a.j.t.JMeterThread: Stopping: 线程组20210930 1-14
2021-11-16 20:52:08,744 WARN o.a.j.t.JMeterThread: Interrupting: 线程组20210930 1-14 sampler: HTTP请求20210930
2021-11-16 20:52:08,744 INFO o.a.j.t.JMeterThread: Thread finished: 线程组20210930 1-21
2021-11-16 20:52:08,744 INFO o.a.j.t.JMeterThread: Stopping: 线程组20210930 1-75
2021-11-16 20:52:08,744 WARN o.a.j.t.JMeterThread: Interrupting: 线程组20210930 1-75 sampler: HTTP请求20210930
2021-11-16 20:52:08,744 INFO o.a.j.t.JMeterThread: Thread finished: 线程组20210930 1-14
2021-11-16 20:52:08,744 INFO o.a.j.t.JMeterThread: Stopping: 线程组20210930 1-152
2021-11-16 20:52:08,744 WARN o.a.j.t.JMeterThread: Interrupting: 线程组20210930 1-152 sampler: HTTP请求20210930
2021-11-16 20:52:08,744 INFO o.a.j.t.JMeterThread: Thread finished: 线程组20210930 1-75
2021-11-16 20:52:08,744 INFO o.a.j.t.JMeterThread: Stopping: 线程组20210930 1-78
2021-11-16 20:52:08,744 WARN o.a.j.t.JMeterThread: Interrupting: 线程组20210930 1-78 sampler: HTTP请求20210930
2021-11-16 20:52:08,745 INFO o.a.j.t.JMeterThread: Thread finished: 线程组20210930 1-152
2021-11-16 20:52:08,745 INFO o.a.j.t.JMeterThread: Stopping: 线程组20210930 1-130
2021-11-16 20:52:08,745 WARN o.a.j.t.JMeterThread: Interrupting: 线程组20210930 1-130 sampler: HTTP请求20210930
2021-11-16 20:52:08,745 INFO o.a.j.t.JMeterThread: Thread finished: 线程组20210930 1-78
2021-11-16 20:52:08,745 INFO o.a.j.t.JMeterThread: Stopping: 线程组20210930 1-8
2021-11-16 20:52:08,745 WARN o.a.j.t.JMeterThread: Interrupting: 线程组20210930 1-8 sampler: HTTP请求20210930
2021-11-16 20:52:08,745 INFO o.a.j.t.JMeterThread: Stopping: 线程组20210930 1-54
2021-11-16 20:52:08,745 INFO o.a.j.t.JMeterThread: Thread finished: 线程组20210930 1-130
2021-11-16 20:52:08,745 WARN o.a.j.t.JMeterThread: Interrupting: 线程组20210930 1-54 sampler: HTTP请求20210930
2021-11-16 20:52:08,745 INFO o.a.j.t.JMeterThread: Thread finished: 线程组20210930 1-8
2021-11-16 20:52:08,745 INFO o.a.j.t.JMeterThread: Stopping: 线程组20210930 1-40
2021-11-16 20:52:08,745 INFO o.a.j.t.JMeterThread: Thread finished: 线程组20210930 1-54
2021-11-16 20:52:08,745 WARN o.a.j.t.JMeterThread: Interrupting: 线程组20210930 1-40 sampler: HTTP请求20210930
2021-11-16 20:52:08,746 INFO o.a.j.t.JMeterThread: Stopping: 线程组20210930 1-135
2021-11-16 20:52:08,746 WARN o.a.j.t.JMeterThread: Interrupting: 线程组20210930 1-135 sampler: HTTP请求20210930
2021-11-16 20:52:08,746 INFO o.a.j.t.JMeterThread: Thread finished: 线程组20210930 1-40
2021-11-16 20:52:08,746 INFO o.a.j.t.JMeterThread: Stopping: 线程组20210930 1-129
2021-11-16 20:52:08,746 WARN o.a.j.t.JMeterThread: Interrupting: 线程组20210930 1-129 sampler: HTTP请求20210930
2021-11-16 20:52:08,746 INFO o.a.j.t.JMeterThread: Thread finished: 线程组20210930 1-135
2021-11-16 20:52:08,746 INFO o.a.j.t.JMeterThread: Stopping: 线程组20210930 1-11
2021-11-16 20:52:08,746 WARN o.a.j.t.JMeterThread: Interrupting: 线程组20210930 1-11 sampler: HTTP请求20210930
2021-11-16 20:52:08,746 INFO o.a.j.t.JMeterThread: Thread finished: 线程组20210930 1-129
2021-11-16 20:52:08,746 INFO o.a.j.t.JMeterThread: Stopping: 线程组20210930 1-58
2021-11-16 20:52:08,747 WARN o.a.j.t.JMeterThread: Interrupting: 线程组20210930 1-58 sampler: HTTP请求20210930
2021-11-16 20:52:08,747 INFO o.a.j.t.JMeterThread: Thread finished: 线程组20210930 1-11
2021-11-16 20:52:08,747 INFO o.a.j.t.JMeterThread: Stopping: 线程组20210930 1-139
2021-11-16 20:52:08,747 WARN o.a.j.t.JMeterThread: Interrupting: 线程组20210930 1-139 sampler: HTTP请求20210930
2021-11-16 20:52:08,747 INFO o.a.j.t.JMeterThread: Thread finished: 线程组20210930 1-58
2021-11-16 20:52:08,747 INFO o.a.j.t.JMeterThread: Stopping: 线程组20210930 1-85
2021-11-16 20:52:08,747 WARN o.a.j.t.JMeterThread: Interrupting: 线程组20210930 1-85 sampler: HTTP请求20210930
2021-11-16 20:52:08,747 INFO o.a.j.t.JMeterThread: Thread finished: 线程组20210930 1-139
2021-11-16 20:52:08,747 INFO o.a.j.t.JMeterThread: Stopping: 线程组20210930 1-86
2021-11-16 20:52:08,747 WARN o.a.j.t.JMeterThread: Interrupting: 线程组20210930 1-86 sampler: HTTP请求20210930
2021-11-16 20:52:08,747 INFO o.a.j.t.JMeterThread: Thread finished: 线程组20210930 1-85
2021-11-16 20:52:08,747 INFO o.a.j.t.JMeterThread: Stopping: 线程组20210930 1-29
2021-11-16 20:52:08,747 WARN o.a.j.t.JMeterThread: Interrupting: 线程组20210930 1-29 sampler: HTTP请求20210930
2021-11-16 20:52:08,747 INFO o.a.j.t.JMeterThread: Thread finished: 线程组20210930 1-86
2021-11-16 20:52:08,747 INFO o.a.j.t.JMeterThread: Stopping: 线程组20210930 1-79
2021-11-16 20:52:08,747 WARN o.a.j.t.JMeterThread: Interrupting: 线程组20210930 1-79 sampler: HTTP请求20210930
2021-11-16 20:52:08,747 INFO o.a.j.t.JMeterThread: Stopping: 线程组20210930 1-176
2021-11-16 20:52:08,747 INFO o.a.j.t.JMeterThread: Thread finished: 线程组20210930 1-29
2021-11-16 20:52:08,747 WARN o.a.j.t.JMeterThread: Interrupting: 线程组20210930 1-176 sampler: HTTP请求20210930
2021-11-16 20:52:08,748 INFO o.a.j.t.JMeterThread: Stopping: 线程组20210930 1-67
2021-11-16 20:52:08,748 WARN o.a.j.t.JMeterThread: Interrupting: 线程组20210930 1-67 sampler: HTTP请求20210930
2021-11-16 20:52:08,748 INFO o.a.j.t.JMeterThread: Thread finished: 线程组20210930 1-176
2021-11-16 20:52:08,748 INFO o.a.j.t.JMeterThread: Thread finished: 线程组20210930 1-79
2021-11-16 20:52:08,748 INFO o.a.j.t.JMeterThread: Stopping: 线程组20210930 1-194
2021-11-16 20:52:08,748 INFO o.a.j.t.JMeterThread: Thread finished: 线程组20210930 1-67
2021-11-16 20:52:08,748 WARN o.a.j.t.JMeterThread: Interrupting: 线程组20210930 1-194 sampler: HTTP请求20210930
2021-11-16 20:52:08,748 INFO o.a.j.t.JMeterThread: Stopping: 线程组20210930 1-74
2021-11-16 20:52:08,748 WARN o.a.j.t.JMeterThread: Interrupting: 线程组20210930 1-74 sampler: HTTP请求20210930
2021-11-16 20:52:08,748 INFO o.a.j.t.JMeterThread: Stopping: 线程组20210930 1-115
2021-11-16 20:52:08,748 WARN o.a.j.t.JMeterThread: Interrupting: 线程组20210930 1-115 sampler: HTTP请求20210930
2021-11-16 20:52:08,748 INFO o.a.j.t.JMeterThread: Thread finished: 线程组20210930 1-194
2021-11-16 20:52:08,748 INFO o.a.j.t.JMeterThread: Thread finished: 线程组20210930 1-74
2021-11-16 20:52:08,749 INFO o.a.j.t.JMeterThread: Stopping: 线程组20210930 1-104
2021-11-16 20:52:08,749 WARN o.a.j.t.JMeterThread: Interrupting: 线程组20210930 1-104 sampler: HTTP请求20210930
2021-11-16 20:52:08,749 INFO o.a.j.t.JMeterThread: Thread finished: 线程组20210930 1-115
2021-11-16 20:52:08,749 INFO o.a.j.t.JMeterThread: Stopping: 线程组20210930 1-148
2021-11-16 20:52:08,749 WARN o.a.j.t.JMeterThread: Interrupting: 线程组20210930 1-148 sampler: HTTP请求20210930
2021-11-16 20:52:08,749 INFO o.a.j.t.JMeterThread: Thread finished: 线程组20210930 1-104
2021-11-16 20:52:08,749 INFO o.a.j.t.JMeterThread: Stopping: 线程组20210930 1-127
2021-11-16 20:52:08,749 WARN o.a.j.t.JMeterThread: Interrupting: 线程组20210930 1-127 sampler: HTTP请求20210930
2021-11-16 20:52:08,749 INFO o.a.j.t.JMeterThread: Thread finished: 线程组20210930 1-148
2021-11-16 20:52:08,749 INFO o.a.j.t.JMeterThread: Stopping: 线程组20210930 1-25
2021-11-16 20:52:08,749 WARN o.a.j.t.JMeterThread: Interrupting: 线程组20210930 1-25 sampler: HTTP请求20210930
2021-11-16 20:52:08,749 INFO o.a.j.t.JMeterThread: Thread finished: 线程组20210930 1-127
2021-11-16 20:52:08,749 INFO o.a.j.t.JMeterThread: Stopping: 线程组20210930 1-198
2021-11-16 20:52:08,749 WARN o.a.j.t.JMeterThread: Interrupting: 线程组20210930 1-198 sampler: HTTP请求20210930
2021-11-16 20:52:08,749 INFO o.a.j.t.JMeterThread: Thread finished: 线程组20210930 1-25
2021-11-16 20:52:08,749 INFO o.a.j.t.JMeterThread: Stopping: 线程组20210930 1-90
2021-11-16 20:52:08,749 WARN o.a.j.t.JMeterThread: Interrupting: 线程组20210930 1-90 sampler: HTTP请求20210930
2021-11-16 20:52:08,749 INFO o.a.j.t.JMeterThread: Stopping: 线程组20210930 1-159
2021-11-16 20:52:08,749 WARN o.a.j.t.JMeterThread: Interrupting: 线程组20210930 1-159 sampler: HTTP请求20210930
2021-11-16 20:52:08,749 INFO o.a.j.t.JMeterThread: Thread finished: 线程组20210930 1-198
2021-11-16 20:52:08,750 INFO o.a.j.t.JMeterThread: Thread finished: 线程组20210930 1-90
2021-11-16 20:52:08,750 INFO o.a.j.t.JMeterThread: Thread finished: 线程组20210930 1-159
2021-11-16 20:52:08,750 INFO o.a.j.t.JMeterThread: Stopping: 线程组20210930 1-32
2021-11-16 20:52:08,750 WARN o.a.j.t.JMeterThread: Interrupting: 线程组20210930 1-32 sampler: HTTP请求20210930
2021-11-16 20:52:08,751 INFO o.a.j.t.JMeterThread: Thread finished: 线程组20210930 1-32
2021-11-16 20:52:08,751 INFO o.a.j.t.JMeterThread: Stopping: 线程组20210930 1-31
2021-11-16 20:52:08,751 WARN o.a.j.t.JMeterThread: Interrupting: 线程组20210930 1-31 sampler: HTTP请求20210930
2021-11-16 20:52:08,751 INFO o.a.j.t.JMeterThread: Stopping: 线程组20210930 1-56
2021-11-16 20:52:08,751 WARN o.a.j.t.JMeterThread: Interrupting: 线程组20210930 1-56 sampler: HTTP请求20210930
2021-11-16 20:52:08,751 INFO o.a.j.t.JMeterThread: Thread finished: 线程组20210930 1-31
2021-11-16 20:52:08,752 INFO o.a.j.t.JMeterThread: Stopping: 线程组20210930 1-134
2021-11-16 20:52:08,752 WARN o.a.j.t.JMeterThread: Interrupting: 线程组20210930 1-134 sampler: HTTP请求20210930
2021-11-16 20:52:08,752 INFO o.a.j.t.JMeterThread: Thread finished: 线程组20210930 1-56
2021-11-16 20:52:08,752 INFO o.a.j.t.JMeterThread: Stopping: 线程组20210930 1-68
2021-11-16 20:52:08,752 INFO o.a.j.t.JMeterThread: Thread finished: 线程组20210930 1-134
2021-11-16 20:52:08,752 WARN o.a.j.t.JMeterThread: Interrupting: 线程组20210930 1-68 sampler: HTTP请求20210930
2021-11-16 20:52:08,752 INFO o.a.j.t.JMeterThread: Stopping: 线程组20210930 1-143
2021-11-16 20:52:08,752 WARN o.a.j.t.JMeterThread: Interrupting: 线程组20210930 1-143 sampler: HTTP请求20210930
2021-11-16 20:52:08,752 INFO o.a.j.t.JMeterThread: Thread finished: 线程组20210930 1-68
2021-11-16 20:52:08,753 INFO o.a.j.t.JMeterThread: Thread finished: 线程组20210930 1-143
2021-11-16 20:52:08,753 INFO o.a.j.t.JMeterThread: Stopping: 线程组20210930 1-10
2021-11-16 20:52:08,753 WARN o.a.j.t.JMeterThread: Interrupting: 线程组20210930 1-10 sampler: HTTP请求20210930
2021-11-16 20:52:08,753 INFO o.a.j.t.JMeterThread: Stopping: 线程组20211116 2-4
2021-11-16 20:52:08,753 WARN o.a.j.t.JMeterThread: Interrupting: 线程组20211116 2-4 sampler: HTTP请求20211116
2021-11-16 20:52:08,753 INFO o.a.j.t.JMeterThread: Stopping: 线程组20211116 2-7
2021-11-16 20:52:08,753 WARN o.a.j.t.JMeterThread: Interrupting: 线程组20211116 2-7 sampler: HTTP请求20211116
2021-11-16 20:52:08,753 INFO o.a.j.t.JMeterThread: Thread finished: 线程组20211116 2-4
2021-11-16 20:52:08,753 INFO o.a.j.t.JMeterThread: Thread finished: 线程组20211116 2-7
2021-11-16 20:52:08,753 INFO o.a.j.t.JMeterThread: Stopping: 线程组20211116 2-9
2021-11-16 20:52:08,753 WARN o.a.j.t.JMeterThread: Interrupting: 线程组20211116 2-9 sampler: HTTP请求20211116
2021-11-16 20:52:08,753 INFO o.a.j.t.JMeterThread: Stopping: 线程组20211116 2-8
2021-11-16 20:52:08,754 WARN o.a.j.t.JMeterThread: Interrupting: 线程组20211116 2-8 sampler: HTTP请求20211116
2021-11-16 20:52:08,754 INFO o.a.j.t.JMeterThread: Thread finished: 线程组20211116 2-9
2021-11-16 20:52:08,754 INFO o.a.j.t.JMeterThread: Stopping: 线程组20211116 2-5
2021-11-16 20:52:08,754 WARN o.a.j.t.JMeterThread: Interrupting: 线程组20211116 2-5 sampler: HTTP请求20211116
2021-11-16 20:52:08,754 INFO o.a.j.t.JMeterThread: Thread finished: 线程组20210930 1-10
2021-11-16 20:52:08,755 INFO o.a.j.t.JMeterThread: Thread finished: 线程组20211116 2-8
2021-11-16 20:52:08,755 INFO o.a.j.t.JMeterThread: Thread finished: 线程组20211116 2-5
2021-11-16 20:52:08,755 INFO o.a.j.t.JMeterThread: Stopping: 线程组20211116 2-1
2021-11-16 20:52:08,755 WARN o.a.j.t.JMeterThread: Interrupting: 线程组20211116 2-1 sampler: HTTP请求20211116
2021-11-16 20:52:08,755 INFO o.a.j.t.JMeterThread: Stopping: 线程组20211116 2-2
2021-11-16 20:52:08,755 WARN o.a.j.t.JMeterThread: Interrupting: 线程组20211116 2-2 sampler: HTTP请求20211116
2021-11-16 20:52:08,755 INFO o.a.j.t.JMeterThread: Thread finished: 线程组20211116 2-1
2021-11-16 20:52:08,755 INFO o.a.j.t.JMeterThread: Stopping: 线程组20211116 2-6
2021-11-16 20:52:08,755 INFO o.a.j.t.JMeterThread: Thread finished: 线程组20211116 2-2
2021-11-16 20:52:08,755 WARN o.a.j.t.JMeterThread: Interrupting: 线程组20211116 2-6 sampler: HTTP请求20211116
2021-11-16 20:52:08,755 INFO o.a.j.t.JMeterThread: Stopping: 线程组20211116 2-3
2021-11-16 20:52:08,755 WARN o.a.j.t.JMeterThread: Interrupting: 线程组20211116 2-3 sampler: HTTP请求20211116
2021-11-16 20:52:08,755 INFO o.a.j.t.JMeterThread: Thread finished: 线程组20211116 2-6
2021-11-16 20:52:08,756 INFO o.a.j.t.JMeterThread: Stopping: 线程组20211116 2-10
2021-11-16 20:52:08,756 WARN o.a.j.t.JMeterThread: Interrupting: 线程组20211116 2-10 sampler: HTTP请求20211116
2021-11-16 20:52:08,756 INFO o.a.j.t.JMeterThread: Thread finished: 线程组20211116 2-3
2021-11-16 20:52:08,756 INFO o.a.j.t.JMeterThread: Thread finished: 线程组20211116 2-10
2021-11-16 20:52:08,756 INFO o.a.j.e.StandardJMeterEngine: Notifying test listeners of end of test
2021-11-16 20:52:08,756 INFO o.a.j.g.u.JMeterMenuBar: setRunning(false, *local*)
